25-10-2022 10:36:15.208 INFO  e.e.l.LibraryBooksApplication.logStarting - Starting LibraryBooksApplication using Java 11.0.16 on DESKTOP-QNFCC5U with PID 17796 (D:\Elcom\Library_Books\target\classes started by vinhv in D:\Elcom\Library_Books)
25-10-2022 10:36:15.212 INFO  e.e.l.LibraryBooksApplication.logStartupProfileInfo - The following profiles are active: common,dev
25-10-2022 10:36:15.215 INFO  o.h.validator.internal.util.Version.<clinit> - HV000001: Hibernate Validator 6.2.0.Final
25-10-2022 10:36:15.794 INFO  o.s.b.d.e.DevToolsPropertyDefaultsPostProcessor.logTo - Devtools property defaults active! Set 'spring.devtools.add-properties' to 'false' to disable
25-10-2022 10:36:15.795 INFO  o.s.b.d.e.DevToolsPropertyDefaultsPostProcessor.logTo - For additional web related logging consider setting the 'logging.level.web' property to 'DEBUG'
25-10-2022 10:36:17.245 INFO  o.s.d.r.c.RepositoryConfigurationDelegate.multipleStoresDetected - Multiple Spring Data modules found, entering strict repository configuration mode!
25-10-2022 10:36:17.246 INFO  o.s.d.r.c.RepositoryConfigurationDelegate.registerRepositoriesIn - Bootstrapping Spring Data Elasticsearch repositories in DEFAULT mode.
25-10-2022 10:36:17.259 INFO  o.s.d.r.c.RepositoryConfigurationDelegate.registerRepositoriesIn - Finished Spring Data repository scanning in 6 ms. Found 0 Elasticsearch repository interfaces.
25-10-2022 10:36:17.262 INFO  o.s.d.r.c.RepositoryConfigurationDelegate.multipleStoresDetected - Multiple Spring Data modules found, entering strict repository configuration mode!
25-10-2022 10:36:17.262 INFO  o.s.d.r.c.RepositoryConfigurationDelegate.registerRepositoriesIn - Bootstrapping Spring Data JPA repositories in DEFAULT mode.
25-10-2022 10:36:17.578 INFO  o.s.d.r.c.RepositoryConfigurationDelegate.registerRepositoriesIn - Finished Spring Data repository scanning in 310 ms. Found 5 JPA repository interfaces.
25-10-2022 10:36:17.579 INFO  o.s.d.r.c.RepositoryConfigurationDelegate.multipleStoresDetected - Multiple Spring Data modules found, entering strict repository configuration mode!
25-10-2022 10:36:17.580 INFO  o.s.d.r.c.RepositoryConfigurationDelegate.registerRepositoriesIn - Bootstrapping Spring Data JPA repositories in DEFAULT mode.
25-10-2022 10:36:17.586 INFO  o.s.d.r.c.RepositoryConfigurationDelegate.registerRepositoriesIn - Finished Spring Data repository scanning in 6 ms. Found 1 JPA repository interfaces.
25-10-2022 10:36:17.593 INFO  o.s.d.r.c.RepositoryConfigurationDelegate.multipleStoresDetected - Multiple Spring Data modules found, entering strict repository configuration mode!
25-10-2022 10:36:17.594 INFO  o.s.d.r.c.RepositoryConfigurationDelegate.registerRepositoriesIn - Bootstrapping Spring Data Elasticsearch repositories in DEFAULT mode.
25-10-2022 10:36:17.599 INFO  o.s.d.r.c.RepositoryConfigurationDelegate.registerRepositoriesIn - Finished Spring Data repository scanning in 5 ms. Found 1 Elasticsearch repository interfaces.
25-10-2022 10:36:18.006 INFO  o.s.d.r.c.RepositoryConfigurationDelegate.multipleStoresDetected - Multiple Spring Data modules found, entering strict repository configuration mode!
25-10-2022 10:36:18.008 INFO  o.s.d.r.c.RepositoryConfigurationDelegate.registerRepositoriesIn - Bootstrapping Spring Data Reactive Elasticsearch repositories in DEFAULT mode.
25-10-2022 10:36:18.046 INFO  o.s.d.r.c.RepositoryConfigurationExtensionSupport.isStrictRepositoryCandidate - Spring Data Reactive Elasticsearch - Could not safely identify store assignment for repository candidate interface elcom.ex1.librarybooks.repository.library.AuthorRepository. If you want this repository to be a Reactive Elasticsearch repository, consider annotating your entities with one of these annotations: org.springframework.data.elasticsearch.annotations.Document (preferred), or consider extending one of the following types with your repository: org.springframework.data.elasticsearch.repository.ReactiveElasticsearchRepository.
25-10-2022 10:36:18.047 INFO  o.s.d.r.c.RepositoryConfigurationExtensionSupport.isStrictRepositoryCandidate - Spring Data Reactive Elasticsearch - Could not safely identify store assignment for repository candidate interface elcom.ex1.librarybooks.repository.library.BookRepository. If you want this repository to be a Reactive Elasticsearch repository, consider annotating your entities with one of these annotations: org.springframework.data.elasticsearch.annotations.Document (preferred), or consider extending one of the following types with your repository: org.springframework.data.elasticsearch.repository.ReactiveElasticsearchRepository.
25-10-2022 10:36:18.048 INFO  o.s.d.r.c.RepositoryConfigurationExtensionSupport.isStrictRepositoryCandidate - Spring Data Reactive Elasticsearch - Could not safely identify store assignment for repository candidate interface elcom.ex1.librarybooks.repository.library.BorrowRepository. If you want this repository to be a Reactive Elasticsearch repository, consider annotating your entities with one of these annotations: org.springframework.data.elasticsearch.annotations.Document (preferred), or consider extending one of the following types with your repository: org.springframework.data.elasticsearch.repository.ReactiveElasticsearchRepository.
25-10-2022 10:36:18.049 INFO  o.s.d.r.c.RepositoryConfigurationExtensionSupport.isStrictRepositoryCandidate - Spring Data Reactive Elasticsearch - Could not safely identify store assignment for repository candidate interface elcom.ex1.librarybooks.repository.library.CategoryRepository. If you want this repository to be a Reactive Elasticsearch repository, consider annotating your entities with one of these annotations: org.springframework.data.elasticsearch.annotations.Document (preferred), or consider extending one of the following types with your repository: org.springframework.data.elasticsearch.repository.ReactiveElasticsearchRepository.
25-10-2022 10:36:18.050 INFO  o.s.d.r.c.RepositoryConfigurationExtensionSupport.isStrictRepositoryCandidate - Spring Data Reactive Elasticsearch - Could not safely identify store assignment for repository candidate interface elcom.ex1.librarybooks.repository.library.UserRepository. If you want this repository to be a Reactive Elasticsearch repository, consider annotating your entities with one of these annotations: org.springframework.data.elasticsearch.annotations.Document (preferred), or consider extending one of the following types with your repository: org.springframework.data.elasticsearch.repository.ReactiveElasticsearchRepository.
25-10-2022 10:36:18.051 INFO  o.s.d.r.c.RepositoryConfigurationExtensionSupport.isStrictRepositoryCandidate - Spring Data Reactive Elasticsearch - Could not safely identify store assignment for repository candidate interface elcom.ex1.librarybooks.repository.log.SchoolClassRepository. If you want this repository to be a Reactive Elasticsearch repository, consider annotating your entities with one of these annotations: org.springframework.data.elasticsearch.annotations.Document (preferred), or consider extending one of the following types with your repository: org.springframework.data.elasticsearch.repository.ReactiveElasticsearchRepository.
25-10-2022 10:36:18.052 INFO  o.s.d.r.c.RepositoryConfigurationDelegate.registerRepositoriesIn - Finished Spring Data repository scanning in 43 ms. Found 0 Reactive Elasticsearch repository interfaces.
25-10-2022 10:36:18.086 INFO  o.s.d.r.c.RepositoryConfigurationDelegate.multipleStoresDetected - Multiple Spring Data modules found, entering strict repository configuration mode!
25-10-2022 10:36:18.088 INFO  o.s.d.r.c.RepositoryConfigurationDelegate.registerRepositoriesIn - Bootstrapping Spring Data Redis repositories in DEFAULT mode.
25-10-2022 10:36:18.110 INFO  o.s.d.r.c.RepositoryConfigurationExtensionSupport.isStrictRepositoryCandidate - Spring Data Redis - Could not safely identify store assignment for repository candidate interface elcom.ex1.librarybooks.repository.elastic.BookEsRepository. If you want this repository to be a Redis repository, consider annotating your entities with one of these annotations: org.springframework.data.redis.core.RedisHash (preferred), or consider extending one of the following types with your repository: org.springframework.data.keyvalue.repository.KeyValueRepository.
25-10-2022 10:36:18.112 INFO  o.s.d.r.c.RepositoryConfigurationExtensionSupport.isStrictRepositoryCandidate - Spring Data Redis - Could not safely identify store assignment for repository candidate interface elcom.ex1.librarybooks.repository.library.AuthorRepository. If you want this repository to be a Redis repository, consider annotating your entities with one of these annotations: org.springframework.data.redis.core.RedisHash (preferred), or consider extending one of the following types with your repository: org.springframework.data.keyvalue.repository.KeyValueRepository.
25-10-2022 10:36:18.113 INFO  o.s.d.r.c.RepositoryConfigurationExtensionSupport.isStrictRepositoryCandidate - Spring Data Redis - Could not safely identify store assignment for repository candidate interface elcom.ex1.librarybooks.repository.library.BookRepository. If you want this repository to be a Redis repository, consider annotating your entities with one of these annotations: org.springframework.data.redis.core.RedisHash (preferred), or consider extending one of the following types with your repository: org.springframework.data.keyvalue.repository.KeyValueRepository.
25-10-2022 10:36:18.114 INFO  o.s.d.r.c.RepositoryConfigurationExtensionSupport.isStrictRepositoryCandidate - Spring Data Redis - Could not safely identify store assignment for repository candidate interface elcom.ex1.librarybooks.repository.library.BorrowRepository. If you want this repository to be a Redis repository, consider annotating your entities with one of these annotations: org.springframework.data.redis.core.RedisHash (preferred), or consider extending one of the following types with your repository: org.springframework.data.keyvalue.repository.KeyValueRepository.
25-10-2022 10:36:18.114 INFO  o.s.d.r.c.RepositoryConfigurationExtensionSupport.isStrictRepositoryCandidate - Spring Data Redis - Could not safely identify store assignment for repository candidate interface elcom.ex1.librarybooks.repository.library.CategoryRepository. If you want this repository to be a Redis repository, consider annotating your entities with one of these annotations: org.springframework.data.redis.core.RedisHash (preferred), or consider extending one of the following types with your repository: org.springframework.data.keyvalue.repository.KeyValueRepository.
25-10-2022 10:36:18.115 INFO  o.s.d.r.c.RepositoryConfigurationExtensionSupport.isStrictRepositoryCandidate - Spring Data Redis - Could not safely identify store assignment for repository candidate interface elcom.ex1.librarybooks.repository.library.UserRepository. If you want this repository to be a Redis repository, consider annotating your entities with one of these annotations: org.springframework.data.redis.core.RedisHash (preferred), or consider extending one of the following types with your repository: org.springframework.data.keyvalue.repository.KeyValueRepository.
25-10-2022 10:36:18.116 INFO  o.s.d.r.c.RepositoryConfigurationExtensionSupport.isStrictRepositoryCandidate - Spring Data Redis - Could not safely identify store assignment for repository candidate interface elcom.ex1.librarybooks.repository.log.SchoolClassRepository. If you want this repository to be a Redis repository, consider annotating your entities with one of these annotations: org.springframework.data.redis.core.RedisHash (preferred), or consider extending one of the following types with your repository: org.springframework.data.keyvalue.repository.KeyValueRepository.
25-10-2022 10:36:18.116 INFO  o.s.d.r.c.RepositoryConfigurationDelegate.registerRepositoriesIn - Finished Spring Data repository scanning in 13 ms. Found 0 Redis repository interfaces.
25-10-2022 10:36:19.022 INFO  o.s.c.s.PostProcessorRegistrationDelegate$BeanPostProcessorChecker.postProcessAfterInitialization - Bean 'memcachedConfig' of type [elcom.ex1.librarybooks.cache.MemcachedConfig$$EnhancerBySpringCGLIB$$7fc6a20b] is not eligible for getting processed by all BeanPostProcessors (for example: not eligible for auto-proxying)
25-10-2022 10:36:19.974 INFO  o.s.b.w.e.tomcat.TomcatWebServer.initialize - Tomcat initialized with port(s): 8080 (http)
25-10-2022 10:36:19.995 INFO  o.a.coyote.http11.Http11NioProtocol.log - Initializing ProtocolHandler ["http-nio-8080"]
25-10-2022 10:36:19.996 INFO  o.a.catalina.core.StandardService.log - Starting service [Tomcat]
25-10-2022 10:36:19.996 INFO  o.a.catalina.core.StandardEngine.log - Starting Servlet engine: [Apache Tomcat/9.0.55]
25-10-2022 10:36:20.354 INFO  o.a.c.c.C.[Tomcat].[localhost].[/].log - Initializing Spring embedded WebApplicationContext
25-10-2022 10:36:20.354 INFO  o.s.b.w.s.c.ServletWebServerApplicationContext.prepareWebApplicationContext - Root WebApplicationContext: initialization completed in 4558 ms
25-10-2022 10:36:21.281 INFO  o.h.jpa.internal.util.LogHelper.logPersistenceUnitInformation - HHH000204: Processing PersistenceUnitInfo [name: default]
25-10-2022 10:36:21.394 INFO  org.hibernate.Version.logVersion - HHH000412: Hibernate ORM core version 5.6.1.Final
25-10-2022 10:36:21.670 INFO  o.h.annotations.common.Version.<clinit> - HCANN000001: Hibernate Commons Annotations {5.1.2.Final}
25-10-2022 10:36:22.269 INFO  org.hibernate.dialect.Dialect.<init> - HHH000400: Using dialect: org.hibernate.dialect.MySQLDialect
25-10-2022 10:36:23.145 INFO  o.h.e.t.j.p.i.JtaPlatformInitiator.initiateService - HHH000490: Using JtaPlatform implementation: [org.hibernate.engine.transaction.jta.platform.internal.NoJtaPlatform]
25-10-2022 10:36:23.161 INFO  o.s.o.j.LocalContainerEntityManagerFactoryBean.buildNativeEntityManagerFactory - Initialized JPA EntityManagerFactory for persistence unit 'default'
25-10-2022 10:36:23.229 INFO  o.h.jpa.internal.util.LogHelper.logPersistenceUnitInformation - HHH000204: Processing PersistenceUnitInfo [name: default]
25-10-2022 10:36:23.729 INFO  org.hibernate.dialect.Dialect.<init> - HHH000400: Using dialect: org.hibernate.dialect.MySQLDialect
25-10-2022 10:36:23.826 INFO  o.h.e.t.j.p.i.JtaPlatformInitiator.initiateService - HHH000490: Using JtaPlatform implementation: [org.hibernate.engine.transaction.jta.platform.internal.NoJtaPlatform]
25-10-2022 10:36:23.826 INFO  o.s.o.j.LocalContainerEntityManagerFactoryBean.buildNativeEntityManagerFactory - Initialized JPA EntityManagerFactory for persistence unit 'default'
25-10-2022 10:36:25.894 INFO  o.s.b.d.a.OptionalLiveReloadServer.startServer - LiveReload server is running on port 35729
25-10-2022 10:36:27.094 INFO  o.s.s.web.DefaultSecurityFilterChain.<init> - Will secure any request with [org.springframework.security.web.context.request.async.WebAsyncManagerIntegrationFilter@6aa785af, org.springframework.security.web.context.SecurityContextPersistenceFilter@7cb0b656, org.springframework.security.web.header.HeaderWriterFilter@4460dd70, org.springframework.web.filter.CorsFilter@694be140, org.springframework.security.web.authentication.logout.LogoutFilter@25758734, elcom.ex1.librarybooks.auth.jwt.JwtAuthenticationFilter@607dc016, org.springframework.security.web.savedrequest.RequestCacheAwareFilter@2a76ad73, org.springframework.security.web.servletapi.SecurityContextHolderAwareRequestFilter@24e40b74, org.springframework.security.web.authentication.AnonymousAuthenticationFilter@13748cb7, org.springframework.security.web.session.SessionManagementFilter@67456334, org.springframework.security.web.access.ExceptionTranslationFilter@5abb07b9, org.springframework.security.web.access.intercept.FilterSecurityInterceptor@697e29d4]
25-10-2022 10:36:28.133 INFO  org.quartz.impl.StdSchedulerFactory.instantiate - Using default implementation for ThreadExecutor
25-10-2022 10:36:28.183 INFO  o.quartz.core.SchedulerSignalerImpl.<init> - Initialized Scheduler Signaller of type: class org.quartz.core.SchedulerSignalerImpl
25-10-2022 10:36:28.184 INFO  org.quartz.core.QuartzScheduler.<init> - Quartz Scheduler v.2.3.2 created.
25-10-2022 10:36:28.186 INFO  org.quartz.simpl.RAMJobStore.initialize - RAMJobStore initialized.
25-10-2022 10:36:28.188 INFO  org.quartz.core.QuartzScheduler.initialize - Scheduler meta-data: Quartz Scheduler (v2.3.2) 'quartzScheduler' with instanceId 'NON_CLUSTERED'
  Scheduler class: 'org.quartz.core.QuartzScheduler' - running locally.
  NOT STARTED.
  Currently in standby mode.
  Number of jobs executed: 0
  Using thread pool 'org.quartz.simpl.SimpleThreadPool' - with 10 threads.
  Using job-store 'org.quartz.simpl.RAMJobStore' - which does not support persistence. and is not clustered.

25-10-2022 10:36:28.189 INFO  org.quartz.impl.StdSchedulerFactory.instantiate - Quartz scheduler 'quartzScheduler' initialized from an externally provided properties instance.
25-10-2022 10:36:28.189 INFO  org.quartz.impl.StdSchedulerFactory.instantiate - Quartz scheduler version: 2.3.2
25-10-2022 10:36:28.190 INFO  org.quartz.core.QuartzScheduler.setJobFactory - JobFactory set to: org.springframework.scheduling.quartz.SpringBeanJobFactory@72caf9f8
25-10-2022 10:36:28.385 INFO  o.a.coyote.http11.Http11NioProtocol.log - Starting ProtocolHandler ["http-nio-8080"]
25-10-2022 10:36:28.410 INFO  o.s.b.w.e.tomcat.TomcatWebServer.start - Tomcat started on port(s): 8080 (http) with context path ''
25-10-2022 10:36:28.414 INFO  o.s.a.r.c.CachingConnectionFactory.connectAddresses - Attempting to connect to: [127.0.0.1:5672]
25-10-2022 10:36:28.649 INFO  o.s.a.r.c.CachingConnectionFactory.createBareConnection - Created new connection: rabbitConnectionFactory#7b221a1a:0/SimpleConnection@71a74dbf [delegate=amqp://elcom@127.0.0.1:5672/, localPort= 60911]
25-10-2022 10:36:28.659 INFO  o.s.amqp.rabbit.core.RabbitAdmin.initialize - Auto-declaring a non-durable, auto-delete, or exclusive Queue (spring.gen-v_d2mL8-Qo-KMfZ2xBcYSw) durable:false, auto-delete:true, exclusive:true. It will be redeclared if the broker stops and is restarted while the connection factory is alive, but all messages will be lost.
25-10-2022 10:36:28.659 INFO  o.s.amqp.rabbit.core.RabbitAdmin.initialize - Auto-declaring a non-durable, auto-delete, or exclusive Queue (spring.gen-nOXxRHiIRzub3lthDTpqsw) durable:false, auto-delete:true, exclusive:true. It will be redeclared if the broker stops and is restarted while the connection factory is alive, but all messages will be lost.
25-10-2022 10:36:28.660 INFO  o.s.amqp.rabbit.core.RabbitAdmin.initialize - Auto-declaring a non-durable, auto-delete, or exclusive Queue (spring.gen-5i1nlIoTTJilzl-UYPWIZw) durable:false, auto-delete:true, exclusive:true. It will be redeclared if the broker stops and is restarted while the connection factory is alive, but all messages will be lost.
25-10-2022 10:36:28.660 INFO  o.s.amqp.rabbit.core.RabbitAdmin.initialize - Auto-declaring a non-durable, auto-delete, or exclusive Queue (spring.gen-3fDoXQ9xSfCKQFQAY2sHeQ) durable:false, auto-delete:true, exclusive:true. It will be redeclared if the broker stops and is restarted while the connection factory is alive, but all messages will be lost.
25-10-2022 10:36:29.693 INFO  o.s.s.quartz.SchedulerFactoryBean.startScheduler - Starting Quartz Scheduler now
25-10-2022 10:36:29.693 INFO  org.quartz.core.QuartzScheduler.start - Scheduler quartzScheduler_$_NON_CLUSTERED started.
25-10-2022 10:36:29.707 INFO  e.e.l.LibraryBooksApplication.logStarted - Started LibraryBooksApplication in 15.697 seconds (JVM running for 17.603)
25-10-2022 10:37:09.690 INFO  o.s.a.r.l.SimpleMessageListenerContainer.doShutdown - Waiting for workers to finish.
25-10-2022 10:37:10.499 INFO  o.s.a.r.l.SimpleMessageListenerContainer.doShutdown - Successfully waited for workers to finish.
25-10-2022 10:37:10.503 INFO  o.s.a.r.l.SimpleMessageListenerContainer.doShutdown - Waiting for workers to finish.
25-10-2022 10:37:11.503 INFO  o.s.a.r.l.SimpleMessageListenerContainer.doShutdown - Successfully waited for workers to finish.
25-10-2022 10:37:11.508 INFO  o.s.a.r.l.SimpleMessageListenerContainer.doShutdown - Waiting for workers to finish.
25-10-2022 10:37:11.828 INFO  o.s.a.r.l.SimpleMessageListenerContainer.doShutdown - Successfully waited for workers to finish.
25-10-2022 10:37:11.832 INFO  o.s.a.r.l.SimpleMessageListenerContainer.doShutdown - Waiting for workers to finish.
25-10-2022 10:37:11.954 INFO  o.s.a.r.l.SimpleMessageListenerContainer.doShutdown - Successfully waited for workers to finish.
25-10-2022 10:37:11.955 INFO  o.s.a.r.l.SimpleMessageListenerContainer.doShutdown - Waiting for workers to finish.
25-10-2022 10:37:11.985 INFO  o.s.a.r.l.SimpleMessageListenerContainer.doShutdown - Successfully waited for workers to finish.
25-10-2022 10:37:11.987 INFO  o.s.a.r.l.SimpleMessageListenerContainer.doShutdown - Waiting for workers to finish.
25-10-2022 10:37:12.955 INFO  o.s.a.r.l.SimpleMessageListenerContainer.doShutdown - Successfully waited for workers to finish.
25-10-2022 10:37:12.956 INFO  o.s.a.r.l.SimpleMessageListenerContainer.doShutdown - Waiting for workers to finish.
25-10-2022 10:37:12.985 INFO  o.s.a.r.l.SimpleMessageListenerContainer.doShutdown - Successfully waited for workers to finish.
25-10-2022 10:37:12.987 INFO  o.s.a.r.l.SimpleMessageListenerContainer.doShutdown - Waiting for workers to finish.
25-10-2022 10:37:13.955 INFO  o.s.a.r.l.SimpleMessageListenerContainer.doShutdown - Successfully waited for workers to finish.
25-10-2022 10:37:13.957 INFO  o.s.a.r.l.SimpleMessageListenerContainer.doShutdown - Waiting for workers to finish.
25-10-2022 10:37:14.001 INFO  o.s.a.r.l.SimpleMessageListenerContainer.doShutdown - Successfully waited for workers to finish.
25-10-2022 10:37:14.002 INFO  org.quartz.core.QuartzScheduler.standby - Scheduler quartzScheduler_$_NON_CLUSTERED paused.
25-10-2022 10:37:14.185 INFO  o.s.s.quartz.SchedulerFactoryBean.destroy - Shutting down Quartz Scheduler
25-10-2022 10:37:14.186 INFO  org.quartz.core.QuartzScheduler.shutdown - Scheduler quartzScheduler_$_NON_CLUSTERED shutting down.
25-10-2022 10:37:14.186 INFO  org.quartz.core.QuartzScheduler.standby - Scheduler quartzScheduler_$_NON_CLUSTERED paused.
25-10-2022 10:37:14.187 INFO  org.quartz.core.QuartzScheduler.shutdown - Scheduler quartzScheduler_$_NON_CLUSTERED shutdown complete.
25-10-2022 10:37:14.226 INFO  o.s.o.j.LocalContainerEntityManagerFactoryBean.destroy - Closing JPA EntityManagerFactory for persistence unit 'default'
25-10-2022 10:37:14.227 INFO  o.s.o.j.LocalContainerEntityManagerFactoryBean.destroy - Closing JPA EntityManagerFactory for persistence unit 'default'
25-10-2022 10:37:27.906 INFO  e.e.l.LibraryBooksApplication.logStarting - Starting LibraryBooksApplication using Java 11.0.16 on DESKTOP-QNFCC5U with PID 8484 (D:\Elcom\Library_Books\target\classes started by vinhv in D:\Elcom\Library_Books)
25-10-2022 10:37:27.908 INFO  e.e.l.LibraryBooksApplication.logStartupProfileInfo - The following profiles are active: common,dev
25-10-2022 10:37:27.913 INFO  o.h.validator.internal.util.Version.<clinit> - HV000001: Hibernate Validator 6.2.0.Final
25-10-2022 10:37:28.032 INFO  o.s.b.d.e.DevToolsPropertyDefaultsPostProcessor.logTo - Devtools property defaults active! Set 'spring.devtools.add-properties' to 'false' to disable
25-10-2022 10:37:28.033 INFO  o.s.b.d.e.DevToolsPropertyDefaultsPostProcessor.logTo - For additional web related logging consider setting the 'logging.level.web' property to 'DEBUG'
25-10-2022 10:37:29.171 INFO  o.s.d.r.c.RepositoryConfigurationDelegate.multipleStoresDetected - Multiple Spring Data modules found, entering strict repository configuration mode!
25-10-2022 10:37:29.172 INFO  o.s.d.r.c.RepositoryConfigurationDelegate.registerRepositoriesIn - Bootstrapping Spring Data Elasticsearch repositories in DEFAULT mode.
25-10-2022 10:37:29.185 INFO  o.s.d.r.c.RepositoryConfigurationDelegate.registerRepositoriesIn - Finished Spring Data repository scanning in 7 ms. Found 0 Elasticsearch repository interfaces.
25-10-2022 10:37:29.187 INFO  o.s.d.r.c.RepositoryConfigurationDelegate.multipleStoresDetected - Multiple Spring Data modules found, entering strict repository configuration mode!
25-10-2022 10:37:29.188 INFO  o.s.d.r.c.RepositoryConfigurationDelegate.registerRepositoriesIn - Bootstrapping Spring Data JPA repositories in DEFAULT mode.
25-10-2022 10:37:29.390 INFO  o.s.d.r.c.RepositoryConfigurationDelegate.registerRepositoriesIn - Finished Spring Data repository scanning in 196 ms. Found 5 JPA repository interfaces.
25-10-2022 10:37:29.391 INFO  o.s.d.r.c.RepositoryConfigurationDelegate.multipleStoresDetected - Multiple Spring Data modules found, entering strict repository configuration mode!
25-10-2022 10:37:29.391 INFO  o.s.d.r.c.RepositoryConfigurationDelegate.registerRepositoriesIn - Bootstrapping Spring Data JPA repositories in DEFAULT mode.
25-10-2022 10:37:29.398 INFO  o.s.d.r.c.RepositoryConfigurationDelegate.registerRepositoriesIn - Finished Spring Data repository scanning in 6 ms. Found 1 JPA repository interfaces.
25-10-2022 10:37:29.405 INFO  o.s.d.r.c.RepositoryConfigurationDelegate.multipleStoresDetected - Multiple Spring Data modules found, entering strict repository configuration mode!
25-10-2022 10:37:29.405 INFO  o.s.d.r.c.RepositoryConfigurationDelegate.registerRepositoriesIn - Bootstrapping Spring Data Elasticsearch repositories in DEFAULT mode.
25-10-2022 10:37:29.411 INFO  o.s.d.r.c.RepositoryConfigurationDelegate.registerRepositoriesIn - Finished Spring Data repository scanning in 5 ms. Found 1 Elasticsearch repository interfaces.
25-10-2022 10:37:29.776 INFO  o.s.d.r.c.RepositoryConfigurationDelegate.multipleStoresDetected - Multiple Spring Data modules found, entering strict repository configuration mode!
25-10-2022 10:37:29.778 INFO  o.s.d.r.c.RepositoryConfigurationDelegate.registerRepositoriesIn - Bootstrapping Spring Data Reactive Elasticsearch repositories in DEFAULT mode.
25-10-2022 10:37:29.802 INFO  o.s.d.r.c.RepositoryConfigurationExtensionSupport.isStrictRepositoryCandidate - Spring Data Reactive Elasticsearch - Could not safely identify store assignment for repository candidate interface elcom.ex1.librarybooks.repository.library.AuthorRepository. If you want this repository to be a Reactive Elasticsearch repository, consider annotating your entities with one of these annotations: org.springframework.data.elasticsearch.annotations.Document (preferred), or consider extending one of the following types with your repository: org.springframework.data.elasticsearch.repository.ReactiveElasticsearchRepository.
25-10-2022 10:37:29.803 INFO  o.s.d.r.c.RepositoryConfigurationExtensionSupport.isStrictRepositoryCandidate - Spring Data Reactive Elasticsearch - Could not safely identify store assignment for repository candidate interface elcom.ex1.librarybooks.repository.library.BookRepository. If you want this repository to be a Reactive Elasticsearch repository, consider annotating your entities with one of these annotations: org.springframework.data.elasticsearch.annotations.Document (preferred), or consider extending one of the following types with your repository: org.springframework.data.elasticsearch.repository.ReactiveElasticsearchRepository.
25-10-2022 10:37:29.804 INFO  o.s.d.r.c.RepositoryConfigurationExtensionSupport.isStrictRepositoryCandidate - Spring Data Reactive Elasticsearch - Could not safely identify store assignment for repository candidate interface elcom.ex1.librarybooks.repository.library.BorrowRepository. If you want this repository to be a Reactive Elasticsearch repository, consider annotating your entities with one of these annotations: org.springframework.data.elasticsearch.annotations.Document (preferred), or consider extending one of the following types with your repository: org.springframework.data.elasticsearch.repository.ReactiveElasticsearchRepository.
25-10-2022 10:37:29.805 INFO  o.s.d.r.c.RepositoryConfigurationExtensionSupport.isStrictRepositoryCandidate - Spring Data Reactive Elasticsearch - Could not safely identify store assignment for repository candidate interface elcom.ex1.librarybooks.repository.library.CategoryRepository. If you want this repository to be a Reactive Elasticsearch repository, consider annotating your entities with one of these annotations: org.springframework.data.elasticsearch.annotations.Document (preferred), or consider extending one of the following types with your repository: org.springframework.data.elasticsearch.repository.ReactiveElasticsearchRepository.
25-10-2022 10:37:29.806 INFO  o.s.d.r.c.RepositoryConfigurationExtensionSupport.isStrictRepositoryCandidate - Spring Data Reactive Elasticsearch - Could not safely identify store assignment for repository candidate interface elcom.ex1.librarybooks.repository.library.UserRepository. If you want this repository to be a Reactive Elasticsearch repository, consider annotating your entities with one of these annotations: org.springframework.data.elasticsearch.annotations.Document (preferred), or consider extending one of the following types with your repository: org.springframework.data.elasticsearch.repository.ReactiveElasticsearchRepository.
25-10-2022 10:37:29.807 INFO  o.s.d.r.c.RepositoryConfigurationExtensionSupport.isStrictRepositoryCandidate - Spring Data Reactive Elasticsearch - Could not safely identify store assignment for repository candidate interface elcom.ex1.librarybooks.repository.log.SchoolClassRepository. If you want this repository to be a Reactive Elasticsearch repository, consider annotating your entities with one of these annotations: org.springframework.data.elasticsearch.annotations.Document (preferred), or consider extending one of the following types with your repository: org.springframework.data.elasticsearch.repository.ReactiveElasticsearchRepository.
25-10-2022 10:37:29.808 INFO  o.s.d.r.c.RepositoryConfigurationDelegate.registerRepositoriesIn - Finished Spring Data repository scanning in 29 ms. Found 0 Reactive Elasticsearch repository interfaces.
25-10-2022 10:37:29.832 INFO  o.s.d.r.c.RepositoryConfigurationDelegate.multipleStoresDetected - Multiple Spring Data modules found, entering strict repository configuration mode!
25-10-2022 10:37:29.834 INFO  o.s.d.r.c.RepositoryConfigurationDelegate.registerRepositoriesIn - Bootstrapping Spring Data Redis repositories in DEFAULT mode.
25-10-2022 10:37:29.855 INFO  o.s.d.r.c.RepositoryConfigurationExtensionSupport.isStrictRepositoryCandidate - Spring Data Redis - Could not safely identify store assignment for repository candidate interface elcom.ex1.librarybooks.repository.elastic.BookEsRepository. If you want this repository to be a Redis repository, consider annotating your entities with one of these annotations: org.springframework.data.redis.core.RedisHash (preferred), or consider extending one of the following types with your repository: org.springframework.data.keyvalue.repository.KeyValueRepository.
25-10-2022 10:37:29.856 INFO  o.s.d.r.c.RepositoryConfigurationExtensionSupport.isStrictRepositoryCandidate - Spring Data Redis - Could not safely identify store assignment for repository candidate interface elcom.ex1.librarybooks.repository.library.AuthorRepository. If you want this repository to be a Redis repository, consider annotating your entities with one of these annotations: org.springframework.data.redis.core.RedisHash (preferred), or consider extending one of the following types with your repository: org.springframework.data.keyvalue.repository.KeyValueRepository.
25-10-2022 10:37:29.857 INFO  o.s.d.r.c.RepositoryConfigurationExtensionSupport.isStrictRepositoryCandidate - Spring Data Redis - Could not safely identify store assignment for repository candidate interface elcom.ex1.librarybooks.repository.library.BookRepository. If you want this repository to be a Redis repository, consider annotating your entities with one of these annotations: org.springframework.data.redis.core.RedisHash (preferred), or consider extending one of the following types with your repository: org.springframework.data.keyvalue.repository.KeyValueRepository.
25-10-2022 10:37:29.858 INFO  o.s.d.r.c.RepositoryConfigurationExtensionSupport.isStrictRepositoryCandidate - Spring Data Redis - Could not safely identify store assignment for repository candidate interface elcom.ex1.librarybooks.repository.library.BorrowRepository. If you want this repository to be a Redis repository, consider annotating your entities with one of these annotations: org.springframework.data.redis.core.RedisHash (preferred), or consider extending one of the following types with your repository: org.springframework.data.keyvalue.repository.KeyValueRepository.
25-10-2022 10:37:29.859 INFO  o.s.d.r.c.RepositoryConfigurationExtensionSupport.isStrictRepositoryCandidate - Spring Data Redis - Could not safely identify store assignment for repository candidate interface elcom.ex1.librarybooks.repository.library.CategoryRepository. If you want this repository to be a Redis repository, consider annotating your entities with one of these annotations: org.springframework.data.redis.core.RedisHash (preferred), or consider extending one of the following types with your repository: org.springframework.data.keyvalue.repository.KeyValueRepository.
25-10-2022 10:37:29.860 INFO  o.s.d.r.c.RepositoryConfigurationExtensionSupport.isStrictRepositoryCandidate - Spring Data Redis - Could not safely identify store assignment for repository candidate interface elcom.ex1.librarybooks.repository.library.UserRepository. If you want this repository to be a Redis repository, consider annotating your entities with one of these annotations: org.springframework.data.redis.core.RedisHash (preferred), or consider extending one of the following types with your repository: org.springframework.data.keyvalue.repository.KeyValueRepository.
25-10-2022 10:37:29.861 INFO  o.s.d.r.c.RepositoryConfigurationExtensionSupport.isStrictRepositoryCandidate - Spring Data Redis - Could not safely identify store assignment for repository candidate interface elcom.ex1.librarybooks.repository.log.SchoolClassRepository. If you want this repository to be a Redis repository, consider annotating your entities with one of these annotations: org.springframework.data.redis.core.RedisHash (preferred), or consider extending one of the following types with your repository: org.springframework.data.keyvalue.repository.KeyValueRepository.
25-10-2022 10:37:29.862 INFO  o.s.d.r.c.RepositoryConfigurationDelegate.registerRepositoriesIn - Finished Spring Data repository scanning in 15 ms. Found 0 Redis repository interfaces.
25-10-2022 10:37:30.505 INFO  o.s.c.s.PostProcessorRegistrationDelegate$BeanPostProcessorChecker.postProcessAfterInitialization - Bean 'memcachedConfig' of type [elcom.ex1.librarybooks.cache.MemcachedConfig$$EnhancerBySpringCGLIB$$4c80d803] is not eligible for getting processed by all BeanPostProcessors (for example: not eligible for auto-proxying)
25-10-2022 10:37:31.459 INFO  o.s.b.w.e.tomcat.TomcatWebServer.initialize - Tomcat initialized with port(s): 8080 (http)
25-10-2022 10:37:31.489 INFO  o.a.coyote.http11.Http11NioProtocol.log - Initializing ProtocolHandler ["http-nio-8080"]
25-10-2022 10:37:31.489 INFO  o.a.catalina.core.StandardService.log - Starting service [Tomcat]
25-10-2022 10:37:31.490 INFO  o.a.catalina.core.StandardEngine.log - Starting Servlet engine: [Apache Tomcat/9.0.55]
25-10-2022 10:37:31.757 INFO  o.a.c.c.C.[Tomcat].[localhost].[/].log - Initializing Spring embedded WebApplicationContext
25-10-2022 10:37:31.757 INFO  o.s.b.w.s.c.ServletWebServerApplicationContext.prepareWebApplicationContext - Root WebApplicationContext: initialization completed in 3721 ms
25-10-2022 10:37:32.703 INFO  o.h.jpa.internal.util.LogHelper.logPersistenceUnitInformation - HHH000204: Processing PersistenceUnitInfo [name: default]
25-10-2022 10:37:32.812 INFO  org.hibernate.Version.logVersion - HHH000412: Hibernate ORM core version 5.6.1.Final
25-10-2022 10:37:33.156 INFO  o.h.annotations.common.Version.<clinit> - HCANN000001: Hibernate Commons Annotations {5.1.2.Final}
25-10-2022 10:37:33.844 INFO  org.hibernate.dialect.Dialect.<init> - HHH000400: Using dialect: org.hibernate.dialect.MySQLDialect
25-10-2022 10:37:34.756 INFO  o.h.e.t.j.p.i.JtaPlatformInitiator.initiateService - HHH000490: Using JtaPlatform implementation: [org.hibernate.engine.transaction.jta.platform.internal.NoJtaPlatform]
25-10-2022 10:37:34.770 INFO  o.s.o.j.LocalContainerEntityManagerFactoryBean.buildNativeEntityManagerFactory - Initialized JPA EntityManagerFactory for persistence unit 'default'
25-10-2022 10:37:34.852 INFO  o.h.jpa.internal.util.LogHelper.logPersistenceUnitInformation - HHH000204: Processing PersistenceUnitInfo [name: default]
25-10-2022 10:37:35.251 INFO  org.hibernate.dialect.Dialect.<init> - HHH000400: Using dialect: org.hibernate.dialect.MySQLDialect
25-10-2022 10:37:35.324 INFO  o.h.e.t.j.p.i.JtaPlatformInitiator.initiateService - HHH000490: Using JtaPlatform implementation: [org.hibernate.engine.transaction.jta.platform.internal.NoJtaPlatform]
25-10-2022 10:37:35.325 INFO  o.s.o.j.LocalContainerEntityManagerFactoryBean.buildNativeEntityManagerFactory - Initialized JPA EntityManagerFactory for persistence unit 'default'
25-10-2022 10:37:37.048 INFO  o.s.b.d.a.OptionalLiveReloadServer.startServer - LiveReload server is running on port 35729
25-10-2022 10:37:38.001 INFO  o.s.s.web.DefaultSecurityFilterChain.<init> - Will secure any request with [org.springframework.security.web.context.request.async.WebAsyncManagerIntegrationFilter@336190a5, org.springframework.security.web.context.SecurityContextPersistenceFilter@6065fffa, org.springframework.security.web.header.HeaderWriterFilter@3cd82b5d, org.springframework.web.filter.CorsFilter@6545bbc4, org.springframework.security.web.authentication.logout.LogoutFilter@77204e0a, elcom.ex1.librarybooks.auth.jwt.JwtAuthenticationFilter@433bb87a, org.springframework.security.web.savedrequest.RequestCacheAwareFilter@52397aa4, org.springframework.security.web.servletapi.SecurityContextHolderAwareRequestFilter@64c81df, org.springframework.security.web.authentication.AnonymousAuthenticationFilter@1c38fe9f, org.springframework.security.web.session.SessionManagementFilter@7c603945, org.springframework.security.web.access.ExceptionTranslationFilter@6c1311c, org.springframework.security.web.access.intercept.FilterSecurityInterceptor@65d368e6]
25-10-2022 10:37:39.092 INFO  org.quartz.impl.StdSchedulerFactory.instantiate - Using default implementation for ThreadExecutor
25-10-2022 10:37:39.159 INFO  o.quartz.core.SchedulerSignalerImpl.<init> - Initialized Scheduler Signaller of type: class org.quartz.core.SchedulerSignalerImpl
25-10-2022 10:37:39.160 INFO  org.quartz.core.QuartzScheduler.<init> - Quartz Scheduler v.2.3.2 created.
25-10-2022 10:37:39.163 INFO  org.quartz.simpl.RAMJobStore.initialize - RAMJobStore initialized.
25-10-2022 10:37:39.165 INFO  org.quartz.core.QuartzScheduler.initialize - Scheduler meta-data: Quartz Scheduler (v2.3.2) 'quartzScheduler' with instanceId 'NON_CLUSTERED'
  Scheduler class: 'org.quartz.core.QuartzScheduler' - running locally.
  NOT STARTED.
  Currently in standby mode.
  Number of jobs executed: 0
  Using thread pool 'org.quartz.simpl.SimpleThreadPool' - with 10 threads.
  Using job-store 'org.quartz.simpl.RAMJobStore' - which does not support persistence. and is not clustered.

25-10-2022 10:37:39.166 INFO  org.quartz.impl.StdSchedulerFactory.instantiate - Quartz scheduler 'quartzScheduler' initialized from an externally provided properties instance.
25-10-2022 10:37:39.166 INFO  org.quartz.impl.StdSchedulerFactory.instantiate - Quartz scheduler version: 2.3.2
25-10-2022 10:37:39.167 INFO  org.quartz.core.QuartzScheduler.setJobFactory - JobFactory set to: org.springframework.scheduling.quartz.SpringBeanJobFactory@3a1ea157
25-10-2022 10:37:39.978 INFO  o.a.coyote.http11.Http11NioProtocol.log - Starting ProtocolHandler ["http-nio-8080"]
25-10-2022 10:37:40.002 INFO  o.s.b.w.e.tomcat.TomcatWebServer.start - Tomcat started on port(s): 8080 (http) with context path ''
25-10-2022 10:37:40.008 INFO  o.s.a.r.c.CachingConnectionFactory.connectAddresses - Attempting to connect to: [127.0.0.1:5672]
25-10-2022 10:37:40.571 INFO  o.s.a.r.c.CachingConnectionFactory.createBareConnection - Created new connection: rabbitConnectionFactory#b22d16d:0/SimpleConnection@5d7a080 [delegate=amqp://elcom@127.0.0.1:5672/, localPort= 59439]
25-10-2022 10:37:40.578 INFO  o.s.amqp.rabbit.core.RabbitAdmin.initialize - Auto-declaring a non-durable, auto-delete, or exclusive Queue (spring.gen-y7K8QMw2T2e59auiFnh8Vg) durable:false, auto-delete:true, exclusive:true. It will be redeclared if the broker stops and is restarted while the connection factory is alive, but all messages will be lost.
25-10-2022 10:37:40.579 INFO  o.s.amqp.rabbit.core.RabbitAdmin.initialize - Auto-declaring a non-durable, auto-delete, or exclusive Queue (spring.gen-XEnbnMp-TuieF5LtTRLbxQ) durable:false, auto-delete:true, exclusive:true. It will be redeclared if the broker stops and is restarted while the connection factory is alive, but all messages will be lost.
25-10-2022 10:37:40.579 INFO  o.s.amqp.rabbit.core.RabbitAdmin.initialize - Auto-declaring a non-durable, auto-delete, or exclusive Queue (spring.gen-BwH5EJccREup3ryV-Tv6sA) durable:false, auto-delete:true, exclusive:true. It will be redeclared if the broker stops and is restarted while the connection factory is alive, but all messages will be lost.
25-10-2022 10:37:40.579 INFO  o.s.amqp.rabbit.core.RabbitAdmin.initialize - Auto-declaring a non-durable, auto-delete, or exclusive Queue (spring.gen--IyjuALARW21So0AmcWa4g) durable:false, auto-delete:true, exclusive:true. It will be redeclared if the broker stops and is restarted while the connection factory is alive, but all messages will be lost.
25-10-2022 10:37:41.073 INFO  o.s.s.quartz.SchedulerFactoryBean.startScheduler - Starting Quartz Scheduler now
25-10-2022 10:37:41.074 INFO  org.quartz.core.QuartzScheduler.start - Scheduler quartzScheduler_$_NON_CLUSTERED started.
25-10-2022 10:37:41.103 INFO  e.e.l.LibraryBooksApplication.logStarted - Started LibraryBooksApplication in 14.101 seconds (JVM running for 16.067)
25-10-2022 10:37:48.396 INFO  o.s.a.r.l.SimpleMessageListenerContainer.doShutdown - Waiting for workers to finish.
25-10-2022 10:37:48.877 INFO  o.s.a.r.l.SimpleMessageListenerContainer.doShutdown - Successfully waited for workers to finish.
25-10-2022 10:37:48.883 INFO  o.s.a.r.l.SimpleMessageListenerContainer.doShutdown - Waiting for workers to finish.
25-10-2022 10:37:48.987 INFO  o.s.a.r.l.SimpleMessageListenerContainer.doShutdown - Successfully waited for workers to finish.
25-10-2022 10:37:48.992 INFO  o.s.a.r.l.SimpleMessageListenerContainer.doShutdown - Waiting for workers to finish.
25-10-2022 10:37:49.998 INFO  o.s.a.r.l.SimpleMessageListenerContainer.doShutdown - Successfully waited for workers to finish.
25-10-2022 10:37:50.003 INFO  o.s.a.r.l.SimpleMessageListenerContainer.doShutdown - Waiting for workers to finish.
25-10-2022 10:37:50.014 INFO  o.s.a.r.l.SimpleMessageListenerContainer.doShutdown - Successfully waited for workers to finish.
25-10-2022 10:37:50.015 INFO  o.s.a.r.l.SimpleMessageListenerContainer.doShutdown - Waiting for workers to finish.
25-10-2022 10:37:50.029 INFO  o.s.a.r.l.SimpleMessageListenerContainer.doShutdown - Successfully waited for workers to finish.
25-10-2022 10:37:50.031 INFO  o.s.a.r.l.SimpleMessageListenerContainer.doShutdown - Waiting for workers to finish.
25-10-2022 10:37:50.045 INFO  o.s.a.r.l.SimpleMessageListenerContainer.doShutdown - Successfully waited for workers to finish.
25-10-2022 10:37:50.047 INFO  o.s.a.r.l.SimpleMessageListenerContainer.doShutdown - Waiting for workers to finish.
25-10-2022 10:37:50.092 INFO  o.s.a.r.l.SimpleMessageListenerContainer.doShutdown - Successfully waited for workers to finish.
25-10-2022 10:37:50.094 INFO  o.s.a.r.l.SimpleMessageListenerContainer.doShutdown - Waiting for workers to finish.
25-10-2022 10:37:50.122 INFO  o.s.a.r.l.SimpleMessageListenerContainer.doShutdown - Successfully waited for workers to finish.
25-10-2022 10:37:50.124 INFO  o.s.a.r.l.SimpleMessageListenerContainer.doShutdown - Waiting for workers to finish.
25-10-2022 10:37:50.169 INFO  o.s.a.r.l.SimpleMessageListenerContainer.doShutdown - Successfully waited for workers to finish.
25-10-2022 10:37:50.170 INFO  org.quartz.core.QuartzScheduler.standby - Scheduler quartzScheduler_$_NON_CLUSTERED paused.
25-10-2022 11:29:40.238 INFO  e.e.l.LibraryBooksApplication.logStarting - Starting LibraryBooksApplication using Java 11.0.16 on DESKTOP-QNFCC5U with PID 6060 (D:\Elcom\testing\btElcom\No Module\target\classes started by vinhv in D:\Elcom\testing\btElcom\No Module)
25-10-2022 11:29:40.241 INFO  e.e.l.LibraryBooksApplication.logStartupProfileInfo - The following profiles are active: common,dev
25-10-2022 11:29:40.242 INFO  o.h.validator.internal.util.Version.<clinit> - HV000001: Hibernate Validator 6.2.0.Final
25-10-2022 11:29:40.320 INFO  o.s.b.d.e.DevToolsPropertyDefaultsPostProcessor.logTo - Devtools property defaults active! Set 'spring.devtools.add-properties' to 'false' to disable
25-10-2022 11:29:40.321 INFO  o.s.b.d.e.DevToolsPropertyDefaultsPostProcessor.logTo - For additional web related logging consider setting the 'logging.level.web' property to 'DEBUG'
25-10-2022 11:29:41.283 INFO  o.s.d.r.c.RepositoryConfigurationDelegate.multipleStoresDetected - Multiple Spring Data modules found, entering strict repository configuration mode!
25-10-2022 11:29:41.284 INFO  o.s.d.r.c.RepositoryConfigurationDelegate.registerRepositoriesIn - Bootstrapping Spring Data Elasticsearch repositories in DEFAULT mode.
25-10-2022 11:29:41.297 INFO  o.s.d.r.c.RepositoryConfigurationDelegate.registerRepositoriesIn - Finished Spring Data repository scanning in 6 ms. Found 0 Elasticsearch repository interfaces.
25-10-2022 11:29:41.299 INFO  o.s.d.r.c.RepositoryConfigurationDelegate.multipleStoresDetected - Multiple Spring Data modules found, entering strict repository configuration mode!
25-10-2022 11:29:41.300 INFO  o.s.d.r.c.RepositoryConfigurationDelegate.registerRepositoriesIn - Bootstrapping Spring Data JPA repositories in DEFAULT mode.
25-10-2022 11:29:41.490 INFO  o.s.d.r.c.RepositoryConfigurationDelegate.registerRepositoriesIn - Finished Spring Data repository scanning in 183 ms. Found 5 JPA repository interfaces.
25-10-2022 11:29:41.491 INFO  o.s.d.r.c.RepositoryConfigurationDelegate.multipleStoresDetected - Multiple Spring Data modules found, entering strict repository configuration mode!
25-10-2022 11:29:41.491 INFO  o.s.d.r.c.RepositoryConfigurationDelegate.registerRepositoriesIn - Bootstrapping Spring Data JPA repositories in DEFAULT mode.
25-10-2022 11:29:41.502 INFO  o.s.d.r.c.RepositoryConfigurationDelegate.registerRepositoriesIn - Finished Spring Data repository scanning in 10 ms. Found 1 JPA repository interfaces.
25-10-2022 11:29:41.511 INFO  o.s.d.r.c.RepositoryConfigurationDelegate.multipleStoresDetected - Multiple Spring Data modules found, entering strict repository configuration mode!
25-10-2022 11:29:41.512 INFO  o.s.d.r.c.RepositoryConfigurationDelegate.registerRepositoriesIn - Bootstrapping Spring Data Elasticsearch repositories in DEFAULT mode.
25-10-2022 11:29:41.520 INFO  o.s.d.r.c.RepositoryConfigurationDelegate.registerRepositoriesIn - Finished Spring Data repository scanning in 7 ms. Found 1 Elasticsearch repository interfaces.
25-10-2022 11:29:41.907 INFO  o.s.d.r.c.RepositoryConfigurationDelegate.multipleStoresDetected - Multiple Spring Data modules found, entering strict repository configuration mode!
25-10-2022 11:29:41.909 INFO  o.s.d.r.c.RepositoryConfigurationDelegate.registerRepositoriesIn - Bootstrapping Spring Data Reactive Elasticsearch repositories in DEFAULT mode.
25-10-2022 11:29:41.942 INFO  o.s.d.r.c.RepositoryConfigurationExtensionSupport.isStrictRepositoryCandidate - Spring Data Reactive Elasticsearch - Could not safely identify store assignment for repository candidate interface elcom.ex1.librarybooks.repository.library.AuthorRepository. If you want this repository to be a Reactive Elasticsearch repository, consider annotating your entities with one of these annotations: org.springframework.data.elasticsearch.annotations.Document (preferred), or consider extending one of the following types with your repository: org.springframework.data.elasticsearch.repository.ReactiveElasticsearchRepository.
25-10-2022 11:29:41.943 INFO  o.s.d.r.c.RepositoryConfigurationExtensionSupport.isStrictRepositoryCandidate - Spring Data Reactive Elasticsearch - Could not safely identify store assignment for repository candidate interface elcom.ex1.librarybooks.repository.library.BookRepository. If you want this repository to be a Reactive Elasticsearch repository, consider annotating your entities with one of these annotations: org.springframework.data.elasticsearch.annotations.Document (preferred), or consider extending one of the following types with your repository: org.springframework.data.elasticsearch.repository.ReactiveElasticsearchRepository.
25-10-2022 11:29:41.945 INFO  o.s.d.r.c.RepositoryConfigurationExtensionSupport.isStrictRepositoryCandidate - Spring Data Reactive Elasticsearch - Could not safely identify store assignment for repository candidate interface elcom.ex1.librarybooks.repository.library.BorrowRepository. If you want this repository to be a Reactive Elasticsearch repository, consider annotating your entities with one of these annotations: org.springframework.data.elasticsearch.annotations.Document (preferred), or consider extending one of the following types with your repository: org.springframework.data.elasticsearch.repository.ReactiveElasticsearchRepository.
25-10-2022 11:29:41.945 INFO  o.s.d.r.c.RepositoryConfigurationExtensionSupport.isStrictRepositoryCandidate - Spring Data Reactive Elasticsearch - Could not safely identify store assignment for repository candidate interface elcom.ex1.librarybooks.repository.library.CategoryRepository. If you want this repository to be a Reactive Elasticsearch repository, consider annotating your entities with one of these annotations: org.springframework.data.elasticsearch.annotations.Document (preferred), or consider extending one of the following types with your repository: org.springframework.data.elasticsearch.repository.ReactiveElasticsearchRepository.
25-10-2022 11:29:41.946 INFO  o.s.d.r.c.RepositoryConfigurationExtensionSupport.isStrictRepositoryCandidate - Spring Data Reactive Elasticsearch - Could not safely identify store assignment for repository candidate interface elcom.ex1.librarybooks.repository.library.UserRepository. If you want this repository to be a Reactive Elasticsearch repository, consider annotating your entities with one of these annotations: org.springframework.data.elasticsearch.annotations.Document (preferred), or consider extending one of the following types with your repository: org.springframework.data.elasticsearch.repository.ReactiveElasticsearchRepository.
25-10-2022 11:29:41.947 INFO  o.s.d.r.c.RepositoryConfigurationExtensionSupport.isStrictRepositoryCandidate - Spring Data Reactive Elasticsearch - Could not safely identify store assignment for repository candidate interface elcom.ex1.librarybooks.repository.log.SchoolClassRepository. If you want this repository to be a Reactive Elasticsearch repository, consider annotating your entities with one of these annotations: org.springframework.data.elasticsearch.annotations.Document (preferred), or consider extending one of the following types with your repository: org.springframework.data.elasticsearch.repository.ReactiveElasticsearchRepository.
25-10-2022 11:29:41.948 INFO  o.s.d.r.c.RepositoryConfigurationDelegate.registerRepositoriesIn - Finished Spring Data repository scanning in 39 ms. Found 0 Reactive Elasticsearch repository interfaces.
25-10-2022 11:29:41.972 INFO  o.s.d.r.c.RepositoryConfigurationDelegate.multipleStoresDetected - Multiple Spring Data modules found, entering strict repository configuration mode!
25-10-2022 11:29:41.974 INFO  o.s.d.r.c.RepositoryConfigurationDelegate.registerRepositoriesIn - Bootstrapping Spring Data Redis repositories in DEFAULT mode.
25-10-2022 11:29:41.997 INFO  o.s.d.r.c.RepositoryConfigurationExtensionSupport.isStrictRepositoryCandidate - Spring Data Redis - Could not safely identify store assignment for repository candidate interface elcom.ex1.librarybooks.repository.elastic.BookEsRepository. If you want this repository to be a Redis repository, consider annotating your entities with one of these annotations: org.springframework.data.redis.core.RedisHash (preferred), or consider extending one of the following types with your repository: org.springframework.data.keyvalue.repository.KeyValueRepository.
25-10-2022 11:29:41.998 INFO  o.s.d.r.c.RepositoryConfigurationExtensionSupport.isStrictRepositoryCandidate - Spring Data Redis - Could not safely identify store assignment for repository candidate interface elcom.ex1.librarybooks.repository.library.AuthorRepository. If you want this repository to be a Redis repository, consider annotating your entities with one of these annotations: org.springframework.data.redis.core.RedisHash (preferred), or consider extending one of the following types with your repository: org.springframework.data.keyvalue.repository.KeyValueRepository.
25-10-2022 11:29:41.999 INFO  o.s.d.r.c.RepositoryConfigurationExtensionSupport.isStrictRepositoryCandidate - Spring Data Redis - Could not safely identify store assignment for repository candidate interface elcom.ex1.librarybooks.repository.library.BookRepository. If you want this repository to be a Redis repository, consider annotating your entities with one of these annotations: org.springframework.data.redis.core.RedisHash (preferred), or consider extending one of the following types with your repository: org.springframework.data.keyvalue.repository.KeyValueRepository.
25-10-2022 11:29:42.000 INFO  o.s.d.r.c.RepositoryConfigurationExtensionSupport.isStrictRepositoryCandidate - Spring Data Redis - Could not safely identify store assignment for repository candidate interface elcom.ex1.librarybooks.repository.library.BorrowRepository. If you want this repository to be a Redis repository, consider annotating your entities with one of these annotations: org.springframework.data.redis.core.RedisHash (preferred), or consider extending one of the following types with your repository: org.springframework.data.keyvalue.repository.KeyValueRepository.
25-10-2022 11:29:42.000 INFO  o.s.d.r.c.RepositoryConfigurationExtensionSupport.isStrictRepositoryCandidate - Spring Data Redis - Could not safely identify store assignment for repository candidate interface elcom.ex1.librarybooks.repository.library.CategoryRepository. If you want this repository to be a Redis repository, consider annotating your entities with one of these annotations: org.springframework.data.redis.core.RedisHash (preferred), or consider extending one of the following types with your repository: org.springframework.data.keyvalue.repository.KeyValueRepository.
25-10-2022 11:29:42.001 INFO  o.s.d.r.c.RepositoryConfigurationExtensionSupport.isStrictRepositoryCandidate - Spring Data Redis - Could not safely identify store assignment for repository candidate interface elcom.ex1.librarybooks.repository.library.UserRepository. If you want this repository to be a Redis repository, consider annotating your entities with one of these annotations: org.springframework.data.redis.core.RedisHash (preferred), or consider extending one of the following types with your repository: org.springframework.data.keyvalue.repository.KeyValueRepository.
25-10-2022 11:29:42.002 INFO  o.s.d.r.c.RepositoryConfigurationExtensionSupport.isStrictRepositoryCandidate - Spring Data Redis - Could not safely identify store assignment for repository candidate interface elcom.ex1.librarybooks.repository.log.SchoolClassRepository. If you want this repository to be a Redis repository, consider annotating your entities with one of these annotations: org.springframework.data.redis.core.RedisHash (preferred), or consider extending one of the following types with your repository: org.springframework.data.keyvalue.repository.KeyValueRepository.
25-10-2022 11:29:42.002 INFO  o.s.d.r.c.RepositoryConfigurationDelegate.registerRepositoriesIn - Finished Spring Data repository scanning in 16 ms. Found 0 Redis repository interfaces.
25-10-2022 11:29:42.630 INFO  o.s.c.s.PostProcessorRegistrationDelegate$BeanPostProcessorChecker.postProcessAfterInitialization - Bean 'memcachedConfig' of type [elcom.ex1.librarybooks.cache.MemcachedConfig$$EnhancerBySpringCGLIB$$1111f4c8] is not eligible for getting processed by all BeanPostProcessors (for example: not eligible for auto-proxying)
25-10-2022 11:29:43.284 INFO  o.s.b.w.e.tomcat.TomcatWebServer.initialize - Tomcat initialized with port(s): 8080 (http)
25-10-2022 11:29:43.300 INFO  o.a.coyote.http11.Http11NioProtocol.log - Initializing ProtocolHandler ["http-nio-8080"]
25-10-2022 11:29:43.300 INFO  o.a.catalina.core.StandardService.log - Starting service [Tomcat]
25-10-2022 11:29:43.301 INFO  o.a.catalina.core.StandardEngine.log - Starting Servlet engine: [Apache Tomcat/9.0.55]
25-10-2022 11:29:43.449 INFO  o.a.c.c.C.[Tomcat].[localhost].[/].log - Initializing Spring embedded WebApplicationContext
25-10-2022 11:29:43.449 INFO  o.s.b.w.s.c.ServletWebServerApplicationContext.prepareWebApplicationContext - Root WebApplicationContext: initialization completed in 3127 ms
25-10-2022 11:29:44.214 INFO  o.h.jpa.internal.util.LogHelper.logPersistenceUnitInformation - HHH000204: Processing PersistenceUnitInfo [name: default]
25-10-2022 11:29:44.303 INFO  org.hibernate.Version.logVersion - HHH000412: Hibernate ORM core version 5.6.1.Final
25-10-2022 11:29:44.565 INFO  o.h.annotations.common.Version.<clinit> - HCANN000001: Hibernate Commons Annotations {5.1.2.Final}
25-10-2022 11:29:45.140 INFO  org.hibernate.dialect.Dialect.<init> - HHH000400: Using dialect: org.hibernate.dialect.MySQLDialect
25-10-2022 11:29:46.013 INFO  o.h.e.t.j.p.i.JtaPlatformInitiator.initiateService - HHH000490: Using JtaPlatform implementation: [org.hibernate.engine.transaction.jta.platform.internal.NoJtaPlatform]
25-10-2022 11:29:46.022 INFO  o.s.o.j.LocalContainerEntityManagerFactoryBean.buildNativeEntityManagerFactory - Initialized JPA EntityManagerFactory for persistence unit 'default'
25-10-2022 11:29:46.086 INFO  o.h.jpa.internal.util.LogHelper.logPersistenceUnitInformation - HHH000204: Processing PersistenceUnitInfo [name: default]
25-10-2022 11:29:46.567 INFO  org.hibernate.dialect.Dialect.<init> - HHH000400: Using dialect: org.hibernate.dialect.MySQLDialect
25-10-2022 11:29:46.657 INFO  o.h.e.t.j.p.i.JtaPlatformInitiator.initiateService - HHH000490: Using JtaPlatform implementation: [org.hibernate.engine.transaction.jta.platform.internal.NoJtaPlatform]
25-10-2022 11:29:46.658 INFO  o.s.o.j.LocalContainerEntityManagerFactoryBean.buildNativeEntityManagerFactory - Initialized JPA EntityManagerFactory for persistence unit 'default'
25-10-2022 11:29:48.409 INFO  o.s.b.d.a.OptionalLiveReloadServer.startServer - LiveReload server is running on port 35729
25-10-2022 11:29:49.745 INFO  o.s.s.web.DefaultSecurityFilterChain.<init> - Will secure any request with [org.springframework.security.web.context.request.async.WebAsyncManagerIntegrationFilter@9525aac, org.springframework.security.web.context.SecurityContextPersistenceFilter@7e5fe674, org.springframework.security.web.header.HeaderWriterFilter@7fdc86d8, org.springframework.web.filter.CorsFilter@202264ef, org.springframework.security.web.authentication.logout.LogoutFilter@789773c6, elcom.ex1.librarybooks.auth.jwt.JwtAuthenticationFilter@13d605fc, org.springframework.security.web.savedrequest.RequestCacheAwareFilter@6c011784, org.springframework.security.web.servletapi.SecurityContextHolderAwareRequestFilter@4c3c4d7f, org.springframework.security.web.authentication.AnonymousAuthenticationFilter@9aeeab, org.springframework.security.web.session.SessionManagementFilter@44feefcb, org.springframework.security.web.access.ExceptionTranslationFilter@160126cd, org.springframework.security.web.access.intercept.FilterSecurityInterceptor@60da1dec]
25-10-2022 11:29:50.619 INFO  org.quartz.impl.StdSchedulerFactory.instantiate - Using default implementation for ThreadExecutor
25-10-2022 11:29:50.648 INFO  o.quartz.core.SchedulerSignalerImpl.<init> - Initialized Scheduler Signaller of type: class org.quartz.core.SchedulerSignalerImpl
25-10-2022 11:29:50.648 INFO  org.quartz.core.QuartzScheduler.<init> - Quartz Scheduler v.2.3.2 created.
25-10-2022 11:29:50.649 INFO  org.quartz.simpl.RAMJobStore.initialize - RAMJobStore initialized.
25-10-2022 11:29:50.652 INFO  org.quartz.core.QuartzScheduler.initialize - Scheduler meta-data: Quartz Scheduler (v2.3.2) 'quartzScheduler' with instanceId 'NON_CLUSTERED'
  Scheduler class: 'org.quartz.core.QuartzScheduler' - running locally.
  NOT STARTED.
  Currently in standby mode.
  Number of jobs executed: 0
  Using thread pool 'org.quartz.simpl.SimpleThreadPool' - with 10 threads.
  Using job-store 'org.quartz.simpl.RAMJobStore' - which does not support persistence. and is not clustered.

25-10-2022 11:29:50.652 INFO  org.quartz.impl.StdSchedulerFactory.instantiate - Quartz scheduler 'quartzScheduler' initialized from an externally provided properties instance.
25-10-2022 11:29:50.652 INFO  org.quartz.impl.StdSchedulerFactory.instantiate - Quartz scheduler version: 2.3.2
25-10-2022 11:29:50.653 INFO  org.quartz.core.QuartzScheduler.setJobFactory - JobFactory set to: org.springframework.scheduling.quartz.SpringBeanJobFactory@127f9202
25-10-2022 11:29:50.783 INFO  o.a.coyote.http11.Http11NioProtocol.log - Starting ProtocolHandler ["http-nio-8080"]
25-10-2022 11:29:50.798 INFO  o.s.b.w.e.tomcat.TomcatWebServer.start - Tomcat started on port(s): 8080 (http) with context path ''
25-10-2022 11:29:50.801 INFO  o.s.a.r.c.CachingConnectionFactory.connectAddresses - Attempting to connect to: [127.0.0.1:5672]
25-10-2022 11:29:50.929 INFO  o.s.a.r.c.CachingConnectionFactory.createBareConnection - Created new connection: rabbitConnectionFactory#538cdc13:0/SimpleConnection@5a55dd5a [delegate=amqp://elcom@127.0.0.1:5672/, localPort= 62833]
25-10-2022 11:29:50.936 INFO  o.s.amqp.rabbit.core.RabbitAdmin.initialize - Auto-declaring a non-durable, auto-delete, or exclusive Queue (spring.gen-vTQujmtoQ5OvikM6RuTffA) durable:false, auto-delete:true, exclusive:true. It will be redeclared if the broker stops and is restarted while the connection factory is alive, but all messages will be lost.
25-10-2022 11:29:50.936 INFO  o.s.amqp.rabbit.core.RabbitAdmin.initialize - Auto-declaring a non-durable, auto-delete, or exclusive Queue (spring.gen-dPu2JjM7QUmX13f5BBZ7_w) durable:false, auto-delete:true, exclusive:true. It will be redeclared if the broker stops and is restarted while the connection factory is alive, but all messages will be lost.
25-10-2022 11:29:50.936 INFO  o.s.amqp.rabbit.core.RabbitAdmin.initialize - Auto-declaring a non-durable, auto-delete, or exclusive Queue (spring.gen-3XBco6_JSnipt86ptu1aeA) durable:false, auto-delete:true, exclusive:true. It will be redeclared if the broker stops and is restarted while the connection factory is alive, but all messages will be lost.
25-10-2022 11:29:50.936 INFO  o.s.amqp.rabbit.core.RabbitAdmin.initialize - Auto-declaring a non-durable, auto-delete, or exclusive Queue (spring.gen-VrAM6dZURBmmrCUkyHYeqg) durable:false, auto-delete:true, exclusive:true. It will be redeclared if the broker stops and is restarted while the connection factory is alive, but all messages will be lost.
25-10-2022 11:29:51.342 INFO  o.s.s.quartz.SchedulerFactoryBean.startScheduler - Starting Quartz Scheduler now
25-10-2022 11:29:51.343 INFO  org.quartz.core.QuartzScheduler.start - Scheduler quartzScheduler_$_NON_CLUSTERED started.
25-10-2022 11:29:51.358 INFO  e.e.l.LibraryBooksApplication.logStarted - Started LibraryBooksApplication in 11.791 seconds (JVM running for 12.921)
25-10-2022 11:29:57.861 INFO  o.s.a.r.l.SimpleMessageListenerContainer.doShutdown - Waiting for workers to finish.
25-10-2022 11:29:58.337 INFO  o.s.a.r.l.SimpleMessageListenerContainer.doShutdown - Successfully waited for workers to finish.
25-10-2022 11:29:58.342 INFO  o.s.a.r.l.SimpleMessageListenerContainer.doShutdown - Waiting for workers to finish.
25-10-2022 11:29:59.336 INFO  o.s.a.r.l.SimpleMessageListenerContainer.doShutdown - Successfully waited for workers to finish.
25-10-2022 11:29:59.341 INFO  o.s.a.r.l.SimpleMessageListenerContainer.doShutdown - Waiting for workers to finish.
25-10-2022 11:30:00.337 INFO  o.s.a.r.l.SimpleMessageListenerContainer.doShutdown - Successfully waited for workers to finish.
25-10-2022 11:30:00.342 INFO  o.s.a.r.l.SimpleMessageListenerContainer.doShutdown - Waiting for workers to finish.
25-10-2022 11:30:00.368 INFO  o.s.a.r.l.SimpleMessageListenerContainer.doShutdown - Successfully waited for workers to finish.
25-10-2022 11:30:00.370 INFO  o.s.a.r.l.SimpleMessageListenerContainer.doShutdown - Waiting for workers to finish.
25-10-2022 11:30:01.377 INFO  o.s.a.r.l.SimpleMessageListenerContainer.doShutdown - Successfully waited for workers to finish.
25-10-2022 11:30:01.379 INFO  o.s.a.r.l.SimpleMessageListenerContainer.doShutdown - Waiting for workers to finish.
25-10-2022 11:30:02.384 INFO  o.s.a.r.l.SimpleMessageListenerContainer.doShutdown - Successfully waited for workers to finish.
25-10-2022 11:30:02.385 INFO  o.s.a.r.l.SimpleMessageListenerContainer.doShutdown - Waiting for workers to finish.
25-10-2022 11:30:02.399 INFO  o.s.a.r.l.SimpleMessageListenerContainer.doShutdown - Successfully waited for workers to finish.
25-10-2022 11:30:02.401 INFO  o.s.a.r.l.SimpleMessageListenerContainer.doShutdown - Waiting for workers to finish.
25-10-2022 11:30:03.410 INFO  o.s.a.r.l.SimpleMessageListenerContainer.doShutdown - Successfully waited for workers to finish.
25-10-2022 11:30:03.411 INFO  o.s.a.r.l.SimpleMessageListenerContainer.doShutdown - Waiting for workers to finish.
25-10-2022 11:30:03.424 INFO  o.s.a.r.l.SimpleMessageListenerContainer.doShutdown - Successfully waited for workers to finish.
25-10-2022 11:30:03.425 INFO  org.quartz.core.QuartzScheduler.standby - Scheduler quartzScheduler_$_NON_CLUSTERED paused.
25-10-2022 11:30:03.638 INFO  o.s.s.quartz.SchedulerFactoryBean.destroy - Shutting down Quartz Scheduler
25-10-2022 11:30:03.639 INFO  org.quartz.core.QuartzScheduler.shutdown - Scheduler quartzScheduler_$_NON_CLUSTERED shutting down.
25-10-2022 11:30:03.640 INFO  org.quartz.core.QuartzScheduler.standby - Scheduler quartzScheduler_$_NON_CLUSTERED paused.
25-10-2022 11:30:03.640 INFO  org.quartz.core.QuartzScheduler.shutdown - Scheduler quartzScheduler_$_NON_CLUSTERED shutdown complete.
25-10-2022 11:30:03.670 INFO  o.s.o.j.LocalContainerEntityManagerFactoryBean.destroy - Closing JPA EntityManagerFactory for persistence unit 'default'
25-10-2022 11:30:03.671 INFO  o.s.o.j.LocalContainerEntityManagerFactoryBean.destroy - Closing JPA EntityManagerFactory for persistence unit 'default'
