25-10-2022 08:41:06.455 INFO  o.h.validator.internal.util.Version.<clinit> - HV000001: Hibernate Validator 6.2.0.Final
25-10-2022 08:41:06.473 INFO  com.elcom.backend.ServiceApplication.logStarting - Starting ServiceApplication using Java 11.0.16 on DESKTOP-QNFCC5U with PID 10036 (D:\Elcom\testing\btElcom\Have Module\backend-service\target\classes started by vinhv in D:\Elcom\testing\btElcom\Have Module)
25-10-2022 08:41:06.475 INFO  com.elcom.backend.ServiceApplication.logStartupProfileInfo - The following profiles are active: common,dev
25-10-2022 08:41:07.784 INFO  o.s.d.r.c.RepositoryConfigurationDelegate.multipleStoresDetected - Multiple Spring Data modules found, entering strict repository configuration mode!
25-10-2022 08:41:07.785 INFO  o.s.d.r.c.RepositoryConfigurationDelegate.registerRepositoriesIn - Bootstrapping Spring Data JPA repositories in DEFAULT mode.
25-10-2022 08:41:08.135 INFO  o.s.d.r.c.RepositoryConfigurationDelegate.registerRepositoriesIn - Finished Spring Data repository scanning in 336 ms. Found 5 JPA repository interfaces.
25-10-2022 08:41:08.137 INFO  o.s.d.r.c.RepositoryConfigurationDelegate.multipleStoresDetected - Multiple Spring Data modules found, entering strict repository configuration mode!
25-10-2022 08:41:08.138 INFO  o.s.d.r.c.RepositoryConfigurationDelegate.registerRepositoriesIn - Bootstrapping Spring Data JPA repositories in DEFAULT mode.
25-10-2022 08:41:08.148 INFO  o.s.d.r.c.RepositoryConfigurationDelegate.registerRepositoriesIn - Finished Spring Data repository scanning in 9 ms. Found 1 JPA repository interfaces.
25-10-2022 08:41:08.157 INFO  o.s.d.r.c.RepositoryConfigurationDelegate.multipleStoresDetected - Multiple Spring Data modules found, entering strict repository configuration mode!
25-10-2022 08:41:08.157 INFO  o.s.d.r.c.RepositoryConfigurationDelegate.registerRepositoriesIn - Bootstrapping Spring Data Elasticsearch repositories in DEFAULT mode.
25-10-2022 08:41:08.163 INFO  o.s.d.r.c.RepositoryConfigurationDelegate.registerRepositoriesIn - Finished Spring Data repository scanning in 5 ms. Found 1 Elasticsearch repository interfaces.
25-10-2022 08:41:08.675 INFO  o.s.d.r.c.RepositoryConfigurationDelegate.multipleStoresDetected - Multiple Spring Data modules found, entering strict repository configuration mode!
25-10-2022 08:41:08.676 INFO  o.s.d.r.c.RepositoryConfigurationDelegate.registerRepositoriesIn - Bootstrapping Spring Data Reactive Elasticsearch repositories in DEFAULT mode.
25-10-2022 08:41:08.696 INFO  o.s.d.r.c.RepositoryConfigurationDelegate.registerRepositoriesIn - Finished Spring Data repository scanning in 19 ms. Found 0 Reactive Elasticsearch repository interfaces.
25-10-2022 08:41:08.724 INFO  o.s.d.r.c.RepositoryConfigurationDelegate.multipleStoresDetected - Multiple Spring Data modules found, entering strict repository configuration mode!
25-10-2022 08:41:08.727 INFO  o.s.d.r.c.RepositoryConfigurationDelegate.registerRepositoriesIn - Bootstrapping Spring Data Redis repositories in DEFAULT mode.
25-10-2022 08:41:08.748 INFO  o.s.d.r.c.RepositoryConfigurationExtensionSupport.isStrictRepositoryCandidate - Spring Data Redis - Could not safely identify store assignment for repository candidate interface com.elcom.elastic.repository.BookEsRepository. If you want this repository to be a Redis repository, consider annotating your entities with one of these annotations: org.springframework.data.redis.core.RedisHash (preferred), or consider extending one of the following types with your repository: org.springframework.data.keyvalue.repository.KeyValueRepository.
25-10-2022 08:41:08.753 INFO  o.s.d.r.c.RepositoryConfigurationDelegate.registerRepositoriesIn - Finished Spring Data repository scanning in 11 ms. Found 0 Redis repository interfaces.
25-10-2022 08:41:09.530 INFO  o.s.c.s.PostProcessorRegistrationDelegate$BeanPostProcessorChecker.postProcessAfterInitialization - Bean 'memcachedConfig' of type [com.elcom.backend.cache.MemcachedConfig$$EnhancerBySpringCGLIB$$2104ec89] is not eligible for getting processed by all BeanPostProcessors (for example: not eligible for auto-proxying)
25-10-2022 08:41:10.227 INFO  o.s.b.w.e.tomcat.TomcatWebServer.initialize - Tomcat initialized with port(s): 8080 (http)
25-10-2022 08:41:10.252 INFO  o.a.coyote.http11.Http11NioProtocol.log - Initializing ProtocolHandler ["http-nio-8080"]
25-10-2022 08:41:10.253 INFO  o.a.catalina.core.StandardService.log - Starting service [Tomcat]
25-10-2022 08:41:10.254 INFO  o.a.catalina.core.StandardEngine.log - Starting Servlet engine: [Apache Tomcat/9.0.55]
25-10-2022 08:41:10.576 INFO  o.a.c.c.C.[Tomcat].[localhost].[/].log - Initializing Spring embedded WebApplicationContext
25-10-2022 08:41:10.577 INFO  o.s.b.w.s.c.ServletWebServerApplicationContext.prepareWebApplicationContext - Root WebApplicationContext: initialization completed in 3998 ms
25-10-2022 08:41:11.535 INFO  o.h.jpa.internal.util.LogHelper.logPersistenceUnitInformation - HHH000204: Processing PersistenceUnitInfo [name: default]
25-10-2022 08:41:11.651 INFO  org.hibernate.Version.logVersion - HHH000412: Hibernate ORM core version 5.6.1.Final
25-10-2022 08:41:11.955 INFO  o.h.annotations.common.Version.<clinit> - HCANN000001: Hibernate Commons Annotations {5.1.2.Final}
25-10-2022 08:41:12.622 INFO  org.hibernate.dialect.Dialect.<init> - HHH000400: Using dialect: org.hibernate.dialect.MySQLDialect
25-10-2022 08:41:13.610 INFO  o.h.e.t.j.p.i.JtaPlatformInitiator.initiateService - HHH000490: Using JtaPlatform implementation: [org.hibernate.engine.transaction.jta.platform.internal.NoJtaPlatform]
25-10-2022 08:41:13.621 INFO  o.s.o.j.LocalContainerEntityManagerFactoryBean.buildNativeEntityManagerFactory - Initialized JPA EntityManagerFactory for persistence unit 'default'
25-10-2022 08:41:13.686 INFO  o.h.jpa.internal.util.LogHelper.logPersistenceUnitInformation - HHH000204: Processing PersistenceUnitInfo [name: default]
25-10-2022 08:41:14.113 INFO  org.hibernate.dialect.Dialect.<init> - HHH000400: Using dialect: org.hibernate.dialect.MySQLDialect
25-10-2022 08:41:14.206 INFO  o.h.e.t.j.p.i.JtaPlatformInitiator.initiateService - HHH000490: Using JtaPlatform implementation: [org.hibernate.engine.transaction.jta.platform.internal.NoJtaPlatform]
25-10-2022 08:41:14.206 INFO  o.s.o.j.LocalContainerEntityManagerFactoryBean.buildNativeEntityManagerFactory - Initialized JPA EntityManagerFactory for persistence unit 'default'
25-10-2022 08:41:16.983 INFO  o.s.s.web.DefaultSecurityFilterChain.<init> - Will secure any request with [org.springframework.security.web.context.request.async.WebAsyncManagerIntegrationFilter@5ab2c5d8, org.springframework.security.web.context.SecurityContextPersistenceFilter@f7e004d, org.springframework.security.web.header.HeaderWriterFilter@616d9a6d, org.springframework.web.filter.CorsFilter@5ec75178, org.springframework.security.web.authentication.logout.LogoutFilter@67441705, com.elcom.backend.auth.jwt.JwtAuthenticationFilter@386ea60f, org.springframework.security.web.savedrequest.RequestCacheAwareFilter@475454ae, org.springframework.security.web.servletapi.SecurityContextHolderAwareRequestFilter@465a121d, org.springframework.security.web.authentication.AnonymousAuthenticationFilter@38410ce5, org.springframework.security.web.session.SessionManagementFilter@12ff0e4f, org.springframework.security.web.access.ExceptionTranslationFilter@1f1b69bb, org.springframework.security.web.access.intercept.FilterSecurityInterceptor@41628b4f]
25-10-2022 08:41:17.735 INFO  org.quartz.impl.StdSchedulerFactory.instantiate - Using default implementation for ThreadExecutor
25-10-2022 08:41:17.757 INFO  o.quartz.core.SchedulerSignalerImpl.<init> - Initialized Scheduler Signaller of type: class org.quartz.core.SchedulerSignalerImpl
25-10-2022 08:41:17.758 INFO  org.quartz.core.QuartzScheduler.<init> - Quartz Scheduler v.2.3.2 created.
25-10-2022 08:41:17.759 INFO  org.quartz.simpl.RAMJobStore.initialize - RAMJobStore initialized.
25-10-2022 08:41:17.760 INFO  org.quartz.core.QuartzScheduler.initialize - Scheduler meta-data: Quartz Scheduler (v2.3.2) 'quartzScheduler' with instanceId 'NON_CLUSTERED'
  Scheduler class: 'org.quartz.core.QuartzScheduler' - running locally.
  NOT STARTED.
  Currently in standby mode.
  Number of jobs executed: 0
  Using thread pool 'org.quartz.simpl.SimpleThreadPool' - with 10 threads.
  Using job-store 'org.quartz.simpl.RAMJobStore' - which does not support persistence. and is not clustered.

25-10-2022 08:41:17.760 INFO  org.quartz.impl.StdSchedulerFactory.instantiate - Quartz scheduler 'quartzScheduler' initialized from an externally provided properties instance.
25-10-2022 08:41:17.761 INFO  org.quartz.impl.StdSchedulerFactory.instantiate - Quartz scheduler version: 2.3.2
25-10-2022 08:41:17.761 INFO  org.quartz.core.QuartzScheduler.setJobFactory - JobFactory set to: org.springframework.scheduling.quartz.SpringBeanJobFactory@fb79241
25-10-2022 08:41:17.879 INFO  o.a.coyote.http11.Http11NioProtocol.log - Starting ProtocolHandler ["http-nio-8080"]
25-10-2022 08:41:17.902 INFO  o.s.b.w.e.tomcat.TomcatWebServer.start - Tomcat started on port(s): 8080 (http) with context path ''
25-10-2022 08:41:17.905 INFO  o.s.a.r.c.CachingConnectionFactory.connectAddresses - Attempting to connect to: [127.0.0.1:5672]
25-10-2022 08:41:18.105 INFO  o.s.a.r.c.CachingConnectionFactory.createBareConnection - Created new connection: rabbitConnectionFactory#33671907:0/SimpleConnection@9d10078 [delegate=amqp://elcom@127.0.0.1:5672/, localPort= 60819]
25-10-2022 08:41:18.117 INFO  o.s.amqp.rabbit.core.RabbitAdmin.initialize - Auto-declaring a non-durable, auto-delete, or exclusive Queue (spring.gen-Ahv-nJs8RNKtm6rEOagVIg) durable:false, auto-delete:true, exclusive:true. It will be redeclared if the broker stops and is restarted while the connection factory is alive, but all messages will be lost.
25-10-2022 08:41:18.118 INFO  o.s.amqp.rabbit.core.RabbitAdmin.initialize - Auto-declaring a non-durable, auto-delete, or exclusive Queue (spring.gen-Qyd_M25WSEWRpHadHLoy1w) durable:false, auto-delete:true, exclusive:true. It will be redeclared if the broker stops and is restarted while the connection factory is alive, but all messages will be lost.
25-10-2022 08:41:18.118 INFO  o.s.amqp.rabbit.core.RabbitAdmin.initialize - Auto-declaring a non-durable, auto-delete, or exclusive Queue (spring.gen-lvgqljXVTQClf9ug2vuAOw) durable:false, auto-delete:true, exclusive:true. It will be redeclared if the broker stops and is restarted while the connection factory is alive, but all messages will be lost.
25-10-2022 08:41:18.118 INFO  o.s.amqp.rabbit.core.RabbitAdmin.initialize - Auto-declaring a non-durable, auto-delete, or exclusive Queue (spring.gen-NcRfDEKdQumoOrARTn-HDA) durable:false, auto-delete:true, exclusive:true. It will be redeclared if the broker stops and is restarted while the connection factory is alive, but all messages will be lost.
25-10-2022 08:41:18.484 INFO  o.s.s.quartz.SchedulerFactoryBean.startScheduler - Starting Quartz Scheduler now
25-10-2022 08:41:18.485 INFO  org.quartz.core.QuartzScheduler.start - Scheduler quartzScheduler_$_NON_CLUSTERED started.
25-10-2022 08:41:18.502 INFO  com.elcom.backend.ServiceApplication.logStarted - Started ServiceApplication in 13.247 seconds (JVM running for 14.215)
25-10-2022 08:41:58.097 INFO  o.a.c.c.C.[Tomcat].[localhost].[/].log - Initializing Spring DispatcherServlet 'dispatcherServlet'
25-10-2022 08:41:58.098 INFO  o.s.web.servlet.DispatcherServlet.initServletBean - Initializing Servlet 'dispatcherServlet'
25-10-2022 08:41:58.100 INFO  o.s.web.servlet.DispatcherServlet.initServletBean - Completed initialization in 1 ms
25-10-2022 08:41:58.933 WARN  o.a.c.util.SessionIdGeneratorBase.log - Creation of SecureRandom instance for session ID generation using [SHA1PRNG] took [187] milliseconds.
25-10-2022 08:42:56.403 INFO  o.s.a.r.l.SimpleMessageListenerContainer.doShutdown - Waiting for workers to finish.
25-10-2022 08:42:57.078 INFO  o.s.a.r.l.SimpleMessageListenerContainer.doShutdown - Successfully waited for workers to finish.
25-10-2022 08:42:57.083 INFO  o.s.a.r.l.SimpleMessageListenerContainer.doShutdown - Waiting for workers to finish.
25-10-2022 08:42:57.107 INFO  o.s.a.r.l.SimpleMessageListenerContainer.doShutdown - Successfully waited for workers to finish.
25-10-2022 08:42:57.111 INFO  o.s.a.r.l.SimpleMessageListenerContainer.doShutdown - Waiting for workers to finish.
25-10-2022 08:42:57.233 INFO  o.s.a.r.l.SimpleMessageListenerContainer.doShutdown - Successfully waited for workers to finish.
25-10-2022 08:42:57.238 INFO  o.s.a.r.l.SimpleMessageListenerContainer.doShutdown - Waiting for workers to finish.
25-10-2022 08:42:58.236 INFO  o.s.a.r.l.SimpleMessageListenerContainer.doShutdown - Successfully waited for workers to finish.
25-10-2022 08:42:58.238 INFO  o.s.a.r.l.SimpleMessageListenerContainer.doShutdown - Waiting for workers to finish.
25-10-2022 08:42:59.238 INFO  o.s.a.r.l.SimpleMessageListenerContainer.doShutdown - Successfully waited for workers to finish.
25-10-2022 08:42:59.240 INFO  o.s.a.r.l.SimpleMessageListenerContainer.doShutdown - Waiting for workers to finish.
25-10-2022 08:43:00.253 INFO  o.s.a.r.l.SimpleMessageListenerContainer.doShutdown - Successfully waited for workers to finish.
25-10-2022 08:43:00.254 INFO  o.s.a.r.l.SimpleMessageListenerContainer.doShutdown - Waiting for workers to finish.
25-10-2022 08:43:01.265 INFO  o.s.a.r.l.SimpleMessageListenerContainer.doShutdown - Successfully waited for workers to finish.
25-10-2022 08:43:01.266 INFO  o.s.a.r.l.SimpleMessageListenerContainer.doShutdown - Waiting for workers to finish.
25-10-2022 08:43:02.266 INFO  o.s.a.r.l.SimpleMessageListenerContainer.doShutdown - Successfully waited for workers to finish.
25-10-2022 08:43:02.268 INFO  o.s.a.r.l.SimpleMessageListenerContainer.doShutdown - Waiting for workers to finish.
25-10-2022 08:43:03.255 INFO  o.s.a.r.l.SimpleMessageListenerContainer.doShutdown - Successfully waited for workers to finish.
25-10-2022 08:43:03.256 INFO  org.quartz.core.QuartzScheduler.standby - Scheduler quartzScheduler_$_NON_CLUSTERED paused.
25-10-2022 08:43:03.446 INFO  o.s.s.quartz.SchedulerFactoryBean.destroy - Shutting down Quartz Scheduler
25-10-2022 08:43:03.446 INFO  org.quartz.core.QuartzScheduler.shutdown - Scheduler quartzScheduler_$_NON_CLUSTERED shutting down.
25-10-2022 08:43:03.446 INFO  org.quartz.core.QuartzScheduler.standby - Scheduler quartzScheduler_$_NON_CLUSTERED paused.
25-10-2022 08:43:03.447 INFO  org.quartz.core.QuartzScheduler.shutdown - Scheduler quartzScheduler_$_NON_CLUSTERED shutdown complete.
25-10-2022 08:43:03.475 INFO  o.s.o.j.LocalContainerEntityManagerFactoryBean.destroy - Closing JPA EntityManagerFactory for persistence unit 'default'
25-10-2022 08:43:03.476 INFO  o.s.o.j.LocalContainerEntityManagerFactoryBean.destroy - Closing JPA EntityManagerFactory for persistence unit 'default'
