22-09-2022 09:08:47.901 INFO  e.e.l.LibraryBooksApplication.logStarting - Starting LibraryBooksApplication using Java 16.0.2 on DESKTOP-QNFCC5U with PID 2848 (D:\Elcom\Library_Books\target\classes started by vinhv in D:\Elcom\Library_Books)
22-09-2022 09:08:47.905 INFO  e.e.l.LibraryBooksApplication.logStartupProfileInfo - The following profiles are active: dev
22-09-2022 09:08:47.908 INFO  o.h.validator.internal.util.Version.<clinit> - HV000001: Hibernate Validator 6.2.0.Final
22-09-2022 09:08:47.975 INFO  o.s.b.d.e.DevToolsPropertyDefaultsPostProcessor.logTo - Devtools property defaults active! Set 'spring.devtools.add-properties' to 'false' to disable
22-09-2022 09:08:47.975 INFO  o.s.b.d.e.DevToolsPropertyDefaultsPostProcessor.logTo - For additional web related logging consider setting the 'logging.level.web' property to 'DEBUG'
22-09-2022 09:08:49.169 INFO  o.s.d.r.c.RepositoryConfigurationDelegate.multipleStoresDetected - Multiple Spring Data modules found, entering strict repository configuration mode!
22-09-2022 09:08:49.170 INFO  o.s.d.r.c.RepositoryConfigurationDelegate.registerRepositoriesIn - Bootstrapping Spring Data JPA repositories in DEFAULT mode.
22-09-2022 09:08:49.407 INFO  o.s.d.r.c.RepositoryConfigurationDelegate.registerRepositoriesIn - Finished Spring Data repository scanning in 223 ms. Found 5 JPA repository interfaces.
22-09-2022 09:08:49.744 INFO  o.s.d.r.c.RepositoryConfigurationDelegate.multipleStoresDetected - Multiple Spring Data modules found, entering strict repository configuration mode!
22-09-2022 09:08:49.746 INFO  o.s.d.r.c.RepositoryConfigurationDelegate.registerRepositoriesIn - Bootstrapping Spring Data Redis repositories in DEFAULT mode.
22-09-2022 09:08:49.785 INFO  o.s.d.r.c.RepositoryConfigurationExtensionSupport.isStrictRepositoryCandidate - Spring Data Redis - Could not safely identify store assignment for repository candidate interface elcom.ex1.librarybooks.repository.library.AuthorRepository. If you want this repository to be a Redis repository, consider annotating your entities with one of these annotations: org.springframework.data.redis.core.RedisHash (preferred), or consider extending one of the following types with your repository: org.springframework.data.keyvalue.repository.KeyValueRepository.
22-09-2022 09:08:49.786 INFO  o.s.d.r.c.RepositoryConfigurationExtensionSupport.isStrictRepositoryCandidate - Spring Data Redis - Could not safely identify store assignment for repository candidate interface elcom.ex1.librarybooks.repository.library.BookRepository. If you want this repository to be a Redis repository, consider annotating your entities with one of these annotations: org.springframework.data.redis.core.RedisHash (preferred), or consider extending one of the following types with your repository: org.springframework.data.keyvalue.repository.KeyValueRepository.
22-09-2022 09:08:49.788 INFO  o.s.d.r.c.RepositoryConfigurationExtensionSupport.isStrictRepositoryCandidate - Spring Data Redis - Could not safely identify store assignment for repository candidate interface elcom.ex1.librarybooks.repository.library.BorrowRepository. If you want this repository to be a Redis repository, consider annotating your entities with one of these annotations: org.springframework.data.redis.core.RedisHash (preferred), or consider extending one of the following types with your repository: org.springframework.data.keyvalue.repository.KeyValueRepository.
22-09-2022 09:08:49.790 INFO  o.s.d.r.c.RepositoryConfigurationExtensionSupport.isStrictRepositoryCandidate - Spring Data Redis - Could not safely identify store assignment for repository candidate interface elcom.ex1.librarybooks.repository.library.CategoryRepository. If you want this repository to be a Redis repository, consider annotating your entities with one of these annotations: org.springframework.data.redis.core.RedisHash (preferred), or consider extending one of the following types with your repository: org.springframework.data.keyvalue.repository.KeyValueRepository.
22-09-2022 09:08:49.791 INFO  o.s.d.r.c.RepositoryConfigurationExtensionSupport.isStrictRepositoryCandidate - Spring Data Redis - Could not safely identify store assignment for repository candidate interface elcom.ex1.librarybooks.repository.library.UserRepository. If you want this repository to be a Redis repository, consider annotating your entities with one of these annotations: org.springframework.data.redis.core.RedisHash (preferred), or consider extending one of the following types with your repository: org.springframework.data.keyvalue.repository.KeyValueRepository.
22-09-2022 09:08:49.792 INFO  o.s.d.r.c.RepositoryConfigurationDelegate.registerRepositoriesIn - Finished Spring Data repository scanning in 23 ms. Found 0 Redis repository interfaces.
22-09-2022 09:08:50.956 INFO  o.s.b.w.e.tomcat.TomcatWebServer.initialize - Tomcat initialized with port(s): 8080 (http)
22-09-2022 09:08:50.978 INFO  o.a.coyote.http11.Http11NioProtocol.log - Initializing ProtocolHandler ["http-nio-8080"]
22-09-2022 09:08:50.979 INFO  o.a.catalina.core.StandardService.log - Starting service [Tomcat]
22-09-2022 09:08:50.980 INFO  o.a.catalina.core.StandardEngine.log - Starting Servlet engine: [Apache Tomcat/9.0.55]
22-09-2022 09:08:51.139 INFO  o.a.c.c.C.[Tomcat].[localhost].[/].log - Initializing Spring embedded WebApplicationContext
22-09-2022 09:08:51.139 INFO  o.s.b.w.s.c.ServletWebServerApplicationContext.prepareWebApplicationContext - Root WebApplicationContext: initialization completed in 3162 ms
22-09-2022 09:08:51.921 INFO  o.h.jpa.internal.util.LogHelper.logPersistenceUnitInformation - HHH000204: Processing PersistenceUnitInfo [name: default]
22-09-2022 09:08:52.021 INFO  org.hibernate.Version.logVersion - HHH000412: Hibernate ORM core version 5.6.1.Final
22-09-2022 09:08:52.291 INFO  o.h.annotations.common.Version.<clinit> - HCANN000001: Hibernate Commons Annotations {5.1.2.Final}
22-09-2022 09:08:52.713 INFO  org.hibernate.dialect.Dialect.<init> - HHH000400: Using dialect: org.hibernate.dialect.MySQLDialect
22-09-2022 09:08:53.433 INFO  o.h.e.t.j.p.i.JtaPlatformInitiator.initiateService - HHH000490: Using JtaPlatform implementation: [org.hibernate.engine.transaction.jta.platform.internal.NoJtaPlatform]
22-09-2022 09:08:53.444 INFO  o.s.o.j.LocalContainerEntityManagerFactoryBean.buildNativeEntityManagerFactory - Initialized JPA EntityManagerFactory for persistence unit 'default'
22-09-2022 09:08:54.915 INFO  o.s.s.web.DefaultSecurityFilterChain.<init> - Will secure any request with [org.springframework.security.web.context.request.async.WebAsyncManagerIntegrationFilter@ec3ee69, org.springframework.security.web.context.SecurityContextPersistenceFilter@20b7212a, org.springframework.security.web.header.HeaderWriterFilter@7e6d350d, org.springframework.web.filter.CorsFilter@8068920, org.springframework.security.web.authentication.logout.LogoutFilter@97ade20, elcom.ex1.librarybooks.auth.jwt.JwtAuthenticationFilter@48aa2b6f, org.springframework.security.web.savedrequest.RequestCacheAwareFilter@4c765ebf, org.springframework.security.web.servletapi.SecurityContextHolderAwareRequestFilter@70ca1d47, org.springframework.security.web.authentication.AnonymousAuthenticationFilter@169b73f9, org.springframework.security.web.session.SessionManagementFilter@22fea0c1, org.springframework.security.web.access.ExceptionTranslationFilter@17667d19, org.springframework.security.web.access.intercept.FilterSecurityInterceptor@38db952b]
22-09-2022 09:08:55.631 INFO  o.s.b.d.a.OptionalLiveReloadServer.startServer - LiveReload server is running on port 35729
22-09-2022 09:08:55.684 INFO  o.a.coyote.http11.Http11NioProtocol.log - Starting ProtocolHandler ["http-nio-8080"]
22-09-2022 09:08:55.724 INFO  o.s.b.w.e.tomcat.TomcatWebServer.start - Tomcat started on port(s): 8080 (http) with context path ''
22-09-2022 09:08:55.728 INFO  o.s.a.r.c.CachingConnectionFactory.connectAddresses - Attempting to connect to: [localhost:5672]
22-09-2022 09:08:55.834 INFO  o.s.a.r.c.CachingConnectionFactory.createBareConnection - Created new connection: rabbitConnectionFactory#6a8de098:0/SimpleConnection@744b5d3b [delegate=amqp://guest@127.0.0.1:5672/, localPort= 50058]
22-09-2022 09:08:55.964 INFO  e.e.l.LibraryBooksApplication.logStarted - Started LibraryBooksApplication in 8.838 seconds (JVM running for 10.025)
22-09-2022 09:09:48.462 INFO  o.a.c.c.C.[Tomcat].[localhost].[/].log - Initializing Spring DispatcherServlet 'dispatcherServlet'
22-09-2022 09:09:48.463 INFO  o.s.web.servlet.DispatcherServlet.initServletBean - Initializing Servlet 'dispatcherServlet'
22-09-2022 09:09:48.465 INFO  o.s.web.servlet.DispatcherServlet.initServletBean - Completed initialization in 2 ms
22-09-2022 09:09:48.708 ERROR e.e.l.auth.jwt.JwtTokenProvider.validateToken - Expired JWT token
22-09-2022 09:10:51.996 INFO  o.s.a.r.l.SimpleMessageListenerContainer.doShutdown - Waiting for workers to finish.
22-09-2022 09:10:52.401 INFO  o.s.a.r.l.SimpleMessageListenerContainer.doShutdown - Successfully waited for workers to finish.
22-09-2022 09:10:52.405 INFO  o.s.a.r.l.SimpleMessageListenerContainer.doShutdown - Waiting for workers to finish.
22-09-2022 09:10:53.320 INFO  o.s.a.r.l.SimpleMessageListenerContainer.doShutdown - Successfully waited for workers to finish.
22-09-2022 09:10:53.322 INFO  o.s.a.r.l.SimpleMessageListenerContainer.doShutdown - Waiting for workers to finish.
22-09-2022 09:10:53.822 INFO  o.s.a.r.l.SimpleMessageListenerContainer.doShutdown - Successfully waited for workers to finish.
22-09-2022 09:10:53.823 INFO  o.s.a.r.l.SimpleMessageListenerContainer.doShutdown - Waiting for workers to finish.
22-09-2022 09:10:54.828 INFO  o.s.a.r.l.SimpleMessageListenerContainer.doShutdown - Successfully waited for workers to finish.
22-09-2022 09:10:54.884 INFO  o.s.o.j.LocalContainerEntityManagerFactoryBean.destroy - Closing JPA EntityManagerFactory for persistence unit 'default'
22-09-2022 09:48:30.241 INFO  o.h.validator.internal.util.Version.<clinit> - HV000001: Hibernate Validator 6.2.0.Final
22-09-2022 09:48:30.243 INFO  e.e.l.LibraryBooksApplication.logStarting - Starting LibraryBooksApplication using Java 16.0.2 on DESKTOP-QNFCC5U with PID 14552 (D:\Elcom\Library_Books\target\classes started by vinhv in D:\Elcom\Library_Books)
22-09-2022 09:48:30.256 INFO  e.e.l.LibraryBooksApplication.logStartupProfileInfo - The following profiles are active: dev
22-09-2022 09:48:30.341 INFO  o.s.b.d.e.DevToolsPropertyDefaultsPostProcessor.logTo - Devtools property defaults active! Set 'spring.devtools.add-properties' to 'false' to disable
22-09-2022 09:48:30.342 INFO  o.s.b.d.e.DevToolsPropertyDefaultsPostProcessor.logTo - For additional web related logging consider setting the 'logging.level.web' property to 'DEBUG'
22-09-2022 09:48:31.776 INFO  o.s.d.r.c.RepositoryConfigurationDelegate.multipleStoresDetected - Multiple Spring Data modules found, entering strict repository configuration mode!
22-09-2022 09:48:31.776 INFO  o.s.d.r.c.RepositoryConfigurationDelegate.registerRepositoriesIn - Bootstrapping Spring Data JPA repositories in DEFAULT mode.
22-09-2022 09:48:32.005 INFO  o.s.d.r.c.RepositoryConfigurationDelegate.registerRepositoriesIn - Finished Spring Data repository scanning in 218 ms. Found 5 JPA repository interfaces.
22-09-2022 09:48:32.375 INFO  o.s.d.r.c.RepositoryConfigurationDelegate.multipleStoresDetected - Multiple Spring Data modules found, entering strict repository configuration mode!
22-09-2022 09:48:32.376 INFO  o.s.d.r.c.RepositoryConfigurationDelegate.registerRepositoriesIn - Bootstrapping Spring Data Redis repositories in DEFAULT mode.
22-09-2022 09:48:32.409 INFO  o.s.d.r.c.RepositoryConfigurationExtensionSupport.isStrictRepositoryCandidate - Spring Data Redis - Could not safely identify store assignment for repository candidate interface elcom.ex1.librarybooks.repository.library.AuthorRepository. If you want this repository to be a Redis repository, consider annotating your entities with one of these annotations: org.springframework.data.redis.core.RedisHash (preferred), or consider extending one of the following types with your repository: org.springframework.data.keyvalue.repository.KeyValueRepository.
22-09-2022 09:48:32.410 INFO  o.s.d.r.c.RepositoryConfigurationExtensionSupport.isStrictRepositoryCandidate - Spring Data Redis - Could not safely identify store assignment for repository candidate interface elcom.ex1.librarybooks.repository.library.BookRepository. If you want this repository to be a Redis repository, consider annotating your entities with one of these annotations: org.springframework.data.redis.core.RedisHash (preferred), or consider extending one of the following types with your repository: org.springframework.data.keyvalue.repository.KeyValueRepository.
22-09-2022 09:48:32.411 INFO  o.s.d.r.c.RepositoryConfigurationExtensionSupport.isStrictRepositoryCandidate - Spring Data Redis - Could not safely identify store assignment for repository candidate interface elcom.ex1.librarybooks.repository.library.BorrowRepository. If you want this repository to be a Redis repository, consider annotating your entities with one of these annotations: org.springframework.data.redis.core.RedisHash (preferred), or consider extending one of the following types with your repository: org.springframework.data.keyvalue.repository.KeyValueRepository.
22-09-2022 09:48:32.412 INFO  o.s.d.r.c.RepositoryConfigurationExtensionSupport.isStrictRepositoryCandidate - Spring Data Redis - Could not safely identify store assignment for repository candidate interface elcom.ex1.librarybooks.repository.library.CategoryRepository. If you want this repository to be a Redis repository, consider annotating your entities with one of these annotations: org.springframework.data.redis.core.RedisHash (preferred), or consider extending one of the following types with your repository: org.springframework.data.keyvalue.repository.KeyValueRepository.
22-09-2022 09:48:32.413 INFO  o.s.d.r.c.RepositoryConfigurationExtensionSupport.isStrictRepositoryCandidate - Spring Data Redis - Could not safely identify store assignment for repository candidate interface elcom.ex1.librarybooks.repository.library.UserRepository. If you want this repository to be a Redis repository, consider annotating your entities with one of these annotations: org.springframework.data.redis.core.RedisHash (preferred), or consider extending one of the following types with your repository: org.springframework.data.keyvalue.repository.KeyValueRepository.
22-09-2022 09:48:32.414 INFO  o.s.d.r.c.RepositoryConfigurationDelegate.registerRepositoriesIn - Finished Spring Data repository scanning in 22 ms. Found 0 Redis repository interfaces.
22-09-2022 09:48:33.514 INFO  o.s.b.w.e.tomcat.TomcatWebServer.initialize - Tomcat initialized with port(s): 8080 (http)
22-09-2022 09:48:33.529 INFO  o.a.coyote.http11.Http11NioProtocol.log - Initializing ProtocolHandler ["http-nio-8080"]
22-09-2022 09:48:33.530 INFO  o.a.catalina.core.StandardService.log - Starting service [Tomcat]
22-09-2022 09:48:33.530 INFO  o.a.catalina.core.StandardEngine.log - Starting Servlet engine: [Apache Tomcat/9.0.55]
22-09-2022 09:48:33.681 INFO  o.a.c.c.C.[Tomcat].[localhost].[/].log - Initializing Spring embedded WebApplicationContext
22-09-2022 09:48:33.682 INFO  o.s.b.w.s.c.ServletWebServerApplicationContext.prepareWebApplicationContext - Root WebApplicationContext: initialization completed in 3339 ms
22-09-2022 09:48:34.468 INFO  o.h.jpa.internal.util.LogHelper.logPersistenceUnitInformation - HHH000204: Processing PersistenceUnitInfo [name: default]
22-09-2022 09:48:34.560 INFO  org.hibernate.Version.logVersion - HHH000412: Hibernate ORM core version 5.6.1.Final
22-09-2022 09:48:34.817 INFO  o.h.annotations.common.Version.<clinit> - HCANN000001: Hibernate Commons Annotations {5.1.2.Final}
22-09-2022 09:48:35.299 INFO  org.hibernate.dialect.Dialect.<init> - HHH000400: Using dialect: org.hibernate.dialect.MySQLDialect
22-09-2022 09:48:36.046 INFO  o.h.e.t.j.p.i.JtaPlatformInitiator.initiateService - HHH000490: Using JtaPlatform implementation: [org.hibernate.engine.transaction.jta.platform.internal.NoJtaPlatform]
22-09-2022 09:48:36.053 INFO  o.s.o.j.LocalContainerEntityManagerFactoryBean.buildNativeEntityManagerFactory - Initialized JPA EntityManagerFactory for persistence unit 'default'
22-09-2022 09:48:37.670 INFO  o.s.s.web.DefaultSecurityFilterChain.<init> - Will secure any request with [org.springframework.security.web.context.request.async.WebAsyncManagerIntegrationFilter@642e4ea2, org.springframework.security.web.context.SecurityContextPersistenceFilter@162ccb83, org.springframework.security.web.header.HeaderWriterFilter@34d561cc, org.springframework.web.filter.CorsFilter@40276fb9, org.springframework.security.web.authentication.logout.LogoutFilter@3e791fe9, elcom.ex1.librarybooks.auth.jwt.JwtAuthenticationFilter@473892cf, org.springframework.security.web.savedrequest.RequestCacheAwareFilter@11b98fc3, org.springframework.security.web.servletapi.SecurityContextHolderAwareRequestFilter@7ef9e50f, org.springframework.security.web.authentication.AnonymousAuthenticationFilter@945aa82, org.springframework.security.web.session.SessionManagementFilter@205835ae, org.springframework.security.web.access.ExceptionTranslationFilter@75f63db6, org.springframework.security.web.access.intercept.FilterSecurityInterceptor@274d1e5]
22-09-2022 09:48:38.428 INFO  o.s.b.d.a.OptionalLiveReloadServer.startServer - LiveReload server is running on port 35729
22-09-2022 09:48:38.476 INFO  o.a.coyote.http11.Http11NioProtocol.log - Starting ProtocolHandler ["http-nio-8080"]
22-09-2022 09:48:38.502 INFO  o.s.b.w.e.tomcat.TomcatWebServer.start - Tomcat started on port(s): 8080 (http) with context path ''
22-09-2022 09:48:38.505 INFO  o.s.a.r.c.CachingConnectionFactory.connectAddresses - Attempting to connect to: [localhost:5672]
22-09-2022 09:48:38.583 INFO  o.s.a.r.c.CachingConnectionFactory.createBareConnection - Created new connection: rabbitConnectionFactory#2ee41d87:0/SimpleConnection@368f52de [delegate=amqp://guest@127.0.0.1:5672/, localPort= 59851]
22-09-2022 09:48:38.588 INFO  o.s.amqp.rabbit.core.RabbitAdmin.initialize - Auto-declaring a non-durable, auto-delete, or exclusive Queue (spring.gen-XhlB_OeFS7alQzJNzQWjsw) durable:false, auto-delete:true, exclusive:true. It will be redeclared if the broker stops and is restarted while the connection factory is alive, but all messages will be lost.
22-09-2022 09:48:38.589 INFO  o.s.amqp.rabbit.core.RabbitAdmin.initialize - Auto-declaring a non-durable, auto-delete, or exclusive Queue (spring.gen-bi1CVxA5RqWomFzOQXTB1w) durable:false, auto-delete:true, exclusive:true. It will be redeclared if the broker stops and is restarted while the connection factory is alive, but all messages will be lost.
22-09-2022 09:48:38.589 INFO  o.s.amqp.rabbit.core.RabbitAdmin.initialize - Auto-declaring a non-durable, auto-delete, or exclusive Queue (spring.gen-kyKSVCpcQrmwM5Ycah1nLg) durable:false, auto-delete:true, exclusive:true. It will be redeclared if the broker stops and is restarted while the connection factory is alive, but all messages will be lost.
22-09-2022 09:48:38.589 INFO  o.s.amqp.rabbit.core.RabbitAdmin.initialize - Auto-declaring a non-durable, auto-delete, or exclusive Queue (spring.gen-n3cBgU3HRSahyi2eweQGtQ) durable:false, auto-delete:true, exclusive:true. It will be redeclared if the broker stops and is restarted while the connection factory is alive, but all messages will be lost.
22-09-2022 09:48:38.810 INFO  e.e.l.LibraryBooksApplication.logStarted - Started LibraryBooksApplication in 9.296 seconds (JVM running for 10.52)
22-09-2022 09:48:45.721 INFO  o.a.c.c.C.[Tomcat].[localhost].[/].log - Initializing Spring DispatcherServlet 'dispatcherServlet'
22-09-2022 09:48:45.722 INFO  o.s.web.servlet.DispatcherServlet.initServletBean - Initializing Servlet 'dispatcherServlet'
22-09-2022 09:48:45.724 INFO  o.s.web.servlet.DispatcherServlet.initServletBean - Completed initialization in 2 ms
22-09-2022 09:50:02.573 WARN  o.s.w.s.m.s.DefaultHandlerExceptionResolver.logException - Resolved [org.springframework.web.bind.MissingServletRequestParameterException: Required request parameter 'numOfSend' for method parameter type int is not present]
22-09-2022 09:50:28.263 WARN  o.s.w.s.m.s.DefaultHandlerExceptionResolver.logException - Resolved [org.springframework.web.bind.MissingServletRequestParameterException: Required request parameter 'type' for method parameter type String is not present]
22-09-2022 10:22:30.574 INFO  o.s.a.r.l.SimpleMessageListenerContainer.doShutdown - Waiting for workers to finish.
22-09-2022 10:22:30.610 INFO  o.s.a.r.l.SimpleMessageListenerContainer.doShutdown - Successfully waited for workers to finish.
22-09-2022 10:22:30.614 INFO  o.s.a.r.l.SimpleMessageListenerContainer.doShutdown - Waiting for workers to finish.
22-09-2022 10:22:31.610 INFO  o.s.a.r.l.SimpleMessageListenerContainer.doShutdown - Successfully waited for workers to finish.
22-09-2022 10:22:31.614 INFO  o.s.a.r.l.SimpleMessageListenerContainer.doShutdown - Waiting for workers to finish.
22-09-2022 10:22:32.357 INFO  o.s.a.r.l.SimpleMessageListenerContainer.doShutdown - Successfully waited for workers to finish.
22-09-2022 10:22:32.362 INFO  o.s.a.r.l.SimpleMessageListenerContainer.doShutdown - Waiting for workers to finish.
22-09-2022 10:22:32.968 INFO  o.s.a.r.l.SimpleMessageListenerContainer.doShutdown - Successfully waited for workers to finish.
22-09-2022 10:22:32.969 INFO  o.s.a.r.l.SimpleMessageListenerContainer.doShutdown - Waiting for workers to finish.
22-09-2022 10:22:33.374 INFO  o.s.a.r.l.SimpleMessageListenerContainer.doShutdown - Successfully waited for workers to finish.
22-09-2022 10:22:33.376 INFO  o.s.a.r.l.SimpleMessageListenerContainer.doShutdown - Waiting for workers to finish.
22-09-2022 10:22:34.185 INFO  o.s.a.r.l.SimpleMessageListenerContainer.doShutdown - Successfully waited for workers to finish.
22-09-2022 10:22:34.186 INFO  o.s.a.r.l.SimpleMessageListenerContainer.doShutdown - Waiting for workers to finish.
22-09-2022 10:22:34.374 INFO  o.s.a.r.l.SimpleMessageListenerContainer.doShutdown - Successfully waited for workers to finish.
22-09-2022 10:22:34.375 INFO  o.s.a.r.l.SimpleMessageListenerContainer.doShutdown - Waiting for workers to finish.
22-09-2022 10:22:40.707 INFO  o.h.validator.internal.util.Version.<clinit> - HV000001: Hibernate Validator 6.2.0.Final
22-09-2022 10:22:40.709 INFO  e.e.l.LibraryBooksApplication.logStarting - Starting LibraryBooksApplication using Java 16.0.2 on DESKTOP-QNFCC5U with PID 4668 (D:\Elcom\Library_Books\target\classes started by vinhv in D:\Elcom\Library_Books)
22-09-2022 10:22:40.710 INFO  e.e.l.LibraryBooksApplication.logStartupProfileInfo - The following profiles are active: dev
22-09-2022 10:22:40.788 INFO  o.s.b.d.e.DevToolsPropertyDefaultsPostProcessor.logTo - Devtools property defaults active! Set 'spring.devtools.add-properties' to 'false' to disable
22-09-2022 10:22:40.788 INFO  o.s.b.d.e.DevToolsPropertyDefaultsPostProcessor.logTo - For additional web related logging consider setting the 'logging.level.web' property to 'DEBUG'
22-09-2022 10:22:41.860 INFO  o.s.d.r.c.RepositoryConfigurationDelegate.multipleStoresDetected - Multiple Spring Data modules found, entering strict repository configuration mode!
22-09-2022 10:22:41.861 INFO  o.s.d.r.c.RepositoryConfigurationDelegate.registerRepositoriesIn - Bootstrapping Spring Data JPA repositories in DEFAULT mode.
22-09-2022 10:22:42.024 INFO  o.s.d.r.c.RepositoryConfigurationDelegate.registerRepositoriesIn - Finished Spring Data repository scanning in 154 ms. Found 5 JPA repository interfaces.
22-09-2022 10:22:42.316 INFO  o.s.d.r.c.RepositoryConfigurationDelegate.multipleStoresDetected - Multiple Spring Data modules found, entering strict repository configuration mode!
22-09-2022 10:22:42.318 INFO  o.s.d.r.c.RepositoryConfigurationDelegate.registerRepositoriesIn - Bootstrapping Spring Data Redis repositories in DEFAULT mode.
22-09-2022 10:22:42.354 INFO  o.s.d.r.c.RepositoryConfigurationExtensionSupport.isStrictRepositoryCandidate - Spring Data Redis - Could not safely identify store assignment for repository candidate interface elcom.ex1.librarybooks.repository.library.AuthorRepository. If you want this repository to be a Redis repository, consider annotating your entities with one of these annotations: org.springframework.data.redis.core.RedisHash (preferred), or consider extending one of the following types with your repository: org.springframework.data.keyvalue.repository.KeyValueRepository.
22-09-2022 10:22:42.356 INFO  o.s.d.r.c.RepositoryConfigurationExtensionSupport.isStrictRepositoryCandidate - Spring Data Redis - Could not safely identify store assignment for repository candidate interface elcom.ex1.librarybooks.repository.library.BookRepository. If you want this repository to be a Redis repository, consider annotating your entities with one of these annotations: org.springframework.data.redis.core.RedisHash (preferred), or consider extending one of the following types with your repository: org.springframework.data.keyvalue.repository.KeyValueRepository.
22-09-2022 10:22:42.357 INFO  o.s.d.r.c.RepositoryConfigurationExtensionSupport.isStrictRepositoryCandidate - Spring Data Redis - Could not safely identify store assignment for repository candidate interface elcom.ex1.librarybooks.repository.library.BorrowRepository. If you want this repository to be a Redis repository, consider annotating your entities with one of these annotations: org.springframework.data.redis.core.RedisHash (preferred), or consider extending one of the following types with your repository: org.springframework.data.keyvalue.repository.KeyValueRepository.
22-09-2022 10:22:42.358 INFO  o.s.d.r.c.RepositoryConfigurationExtensionSupport.isStrictRepositoryCandidate - Spring Data Redis - Could not safely identify store assignment for repository candidate interface elcom.ex1.librarybooks.repository.library.CategoryRepository. If you want this repository to be a Redis repository, consider annotating your entities with one of these annotations: org.springframework.data.redis.core.RedisHash (preferred), or consider extending one of the following types with your repository: org.springframework.data.keyvalue.repository.KeyValueRepository.
22-09-2022 10:22:42.359 INFO  o.s.d.r.c.RepositoryConfigurationExtensionSupport.isStrictRepositoryCandidate - Spring Data Redis - Could not safely identify store assignment for repository candidate interface elcom.ex1.librarybooks.repository.library.UserRepository. If you want this repository to be a Redis repository, consider annotating your entities with one of these annotations: org.springframework.data.redis.core.RedisHash (preferred), or consider extending one of the following types with your repository: org.springframework.data.keyvalue.repository.KeyValueRepository.
22-09-2022 10:22:42.360 INFO  o.s.d.r.c.RepositoryConfigurationDelegate.registerRepositoriesIn - Finished Spring Data repository scanning in 28 ms. Found 0 Redis repository interfaces.
22-09-2022 10:22:43.357 INFO  o.s.b.w.e.tomcat.TomcatWebServer.initialize - Tomcat initialized with port(s): 8080 (http)
22-09-2022 10:22:43.371 INFO  o.a.coyote.http11.Http11NioProtocol.log - Initializing ProtocolHandler ["http-nio-8080"]
22-09-2022 10:22:43.372 INFO  o.a.catalina.core.StandardService.log - Starting service [Tomcat]
22-09-2022 10:22:43.373 INFO  o.a.catalina.core.StandardEngine.log - Starting Servlet engine: [Apache Tomcat/9.0.55]
22-09-2022 10:22:43.510 INFO  o.a.c.c.C.[Tomcat].[localhost].[/].log - Initializing Spring embedded WebApplicationContext
22-09-2022 10:22:43.510 INFO  o.s.b.w.s.c.ServletWebServerApplicationContext.prepareWebApplicationContext - Root WebApplicationContext: initialization completed in 2720 ms
22-09-2022 10:22:44.024 INFO  o.h.jpa.internal.util.LogHelper.logPersistenceUnitInformation - HHH000204: Processing PersistenceUnitInfo [name: default]
22-09-2022 10:22:44.112 INFO  org.hibernate.Version.logVersion - HHH000412: Hibernate ORM core version 5.6.1.Final
22-09-2022 10:22:44.358 INFO  o.h.annotations.common.Version.<clinit> - HCANN000001: Hibernate Commons Annotations {5.1.2.Final}
22-09-2022 10:22:44.764 INFO  org.hibernate.dialect.Dialect.<init> - HHH000400: Using dialect: org.hibernate.dialect.MySQLDialect
22-09-2022 10:22:45.460 INFO  o.h.e.t.j.p.i.JtaPlatformInitiator.initiateService - HHH000490: Using JtaPlatform implementation: [org.hibernate.engine.transaction.jta.platform.internal.NoJtaPlatform]
22-09-2022 10:22:45.562 INFO  o.s.o.j.LocalContainerEntityManagerFactoryBean.buildNativeEntityManagerFactory - Initialized JPA EntityManagerFactory for persistence unit 'default'
22-09-2022 10:22:46.873 INFO  o.s.s.web.DefaultSecurityFilterChain.<init> - Will secure any request with [org.springframework.security.web.context.request.async.WebAsyncManagerIntegrationFilter@557f29a1, org.springframework.security.web.context.SecurityContextPersistenceFilter@779d6a98, org.springframework.security.web.header.HeaderWriterFilter@7c694abc, org.springframework.web.filter.CorsFilter@14cdc636, org.springframework.security.web.authentication.logout.LogoutFilter@f28f3b8, elcom.ex1.librarybooks.auth.jwt.JwtAuthenticationFilter@1d8c110, org.springframework.security.web.savedrequest.RequestCacheAwareFilter@125a52f1, org.springframework.security.web.servletapi.SecurityContextHolderAwareRequestFilter@7ec66009, org.springframework.security.web.authentication.AnonymousAuthenticationFilter@21d2823b, org.springframework.security.web.session.SessionManagementFilter@2bfd4fc2, org.springframework.security.web.access.ExceptionTranslationFilter@62ff5a53, org.springframework.security.web.access.intercept.FilterSecurityInterceptor@62cf37a1]
22-09-2022 10:22:47.515 INFO  o.s.b.d.a.OptionalLiveReloadServer.startServer - LiveReload server is running on port 35729
22-09-2022 10:22:47.565 INFO  o.a.coyote.http11.Http11NioProtocol.log - Starting ProtocolHandler ["http-nio-8080"]
22-09-2022 10:22:47.587 INFO  o.s.b.w.e.tomcat.TomcatWebServer.start - Tomcat started on port(s): 8080 (http) with context path ''
22-09-2022 10:22:47.590 INFO  o.s.a.r.c.CachingConnectionFactory.connectAddresses - Attempting to connect to: [localhost:5672]
22-09-2022 10:22:47.640 INFO  o.s.a.r.c.CachingConnectionFactory.createBareConnection - Created new connection: rabbitConnectionFactory#7ece55c0:0/SimpleConnection@39502222 [delegate=amqp://guest@127.0.0.1:5672/, localPort= 59694]
22-09-2022 10:22:47.645 INFO  o.s.amqp.rabbit.core.RabbitAdmin.initialize - Auto-declaring a non-durable, auto-delete, or exclusive Queue (spring.gen-RXD0GP4TQseJLaU3bgclRA) durable:false, auto-delete:true, exclusive:true. It will be redeclared if the broker stops and is restarted while the connection factory is alive, but all messages will be lost.
22-09-2022 10:22:47.645 INFO  o.s.amqp.rabbit.core.RabbitAdmin.initialize - Auto-declaring a non-durable, auto-delete, or exclusive Queue (spring.gen-q6iCepegQdSaaW8JKNxqtA) durable:false, auto-delete:true, exclusive:true. It will be redeclared if the broker stops and is restarted while the connection factory is alive, but all messages will be lost.
22-09-2022 10:22:47.645 INFO  o.s.amqp.rabbit.core.RabbitAdmin.initialize - Auto-declaring a non-durable, auto-delete, or exclusive Queue (spring.gen-95UQObJZTP24sgSY5G2DjA) durable:false, auto-delete:true, exclusive:true. It will be redeclared if the broker stops and is restarted while the connection factory is alive, but all messages will be lost.
22-09-2022 10:22:47.645 INFO  o.s.amqp.rabbit.core.RabbitAdmin.initialize - Auto-declaring a non-durable, auto-delete, or exclusive Queue (spring.gen-mQeSk9dNQ5a1i6edOl8z7g) durable:false, auto-delete:true, exclusive:true. It will be redeclared if the broker stops and is restarted while the connection factory is alive, but all messages will be lost.
22-09-2022 10:22:47.794 INFO  e.e.l.LibraryBooksApplication.logStarted - Started LibraryBooksApplication in 7.735 seconds (JVM running for 8.806)
22-09-2022 10:22:53.056 INFO  o.a.c.c.C.[Tomcat].[localhost].[/].log - Initializing Spring DispatcherServlet 'dispatcherServlet'
22-09-2022 10:22:53.056 INFO  o.s.web.servlet.DispatcherServlet.initServletBean - Initializing Servlet 'dispatcherServlet'
22-09-2022 10:22:53.058 INFO  o.s.web.servlet.DispatcherServlet.initServletBean - Completed initialization in 2 ms
22-09-2022 10:22:53.349 INFO  o.s.a.r.l.DirectReplyToMessageListenerContainer.actualStart - Container initialized for queues: [amq.rabbitmq.reply-to]
22-09-2022 10:22:53.369 INFO  o.s.a.r.l.DirectReplyToMessageListenerContainer.doConsumeFromQueue - SimpleConsumer [queue=amq.rabbitmq.reply-to, index=0, consumerTag=amq.ctag-Cn6tKUfQ5I5AQeEVvcirUA identity=4f72d558] started
