20-10-2022 14:56:10.730 INFO  o.h.validator.internal.util.Version.<clinit> - HV000001: Hibernate Validator 6.2.0.Final
20-10-2022 14:56:10.738 INFO  com.elcom.backend.ServiceApplication.logStarting - Starting ServiceApplication using Java 11.0.16 on DESKTOP-QNFCC5U with PID 8548 (D:\Elcom\testing\btElcom\Have Module\backend-service\target\classes started by vinhv in D:\Elcom\testing\btElcom\Have Module)
20-10-2022 14:56:10.740 INFO  com.elcom.backend.ServiceApplication.logStartupProfileInfo - The following profiles are active: common,dev
20-10-2022 14:56:11.858 INFO  o.s.d.r.c.RepositoryConfigurationDelegate.multipleStoresDetected - Multiple Spring Data modules found, entering strict repository configuration mode!
20-10-2022 14:56:11.860 INFO  o.s.d.r.c.RepositoryConfigurationDelegate.registerRepositoriesIn - Bootstrapping Spring Data JPA repositories in DEFAULT mode.
20-10-2022 14:56:12.132 INFO  o.s.d.r.c.RepositoryConfigurationDelegate.registerRepositoriesIn - Finished Spring Data repository scanning in 256 ms. Found 5 JPA repository interfaces.
20-10-2022 14:56:12.133 INFO  o.s.d.r.c.RepositoryConfigurationDelegate.multipleStoresDetected - Multiple Spring Data modules found, entering strict repository configuration mode!
20-10-2022 14:56:12.134 INFO  o.s.d.r.c.RepositoryConfigurationDelegate.registerRepositoriesIn - Bootstrapping Spring Data JPA repositories in DEFAULT mode.
20-10-2022 14:56:12.140 INFO  o.s.d.r.c.RepositoryConfigurationDelegate.registerRepositoriesIn - Finished Spring Data repository scanning in 6 ms. Found 1 JPA repository interfaces.
20-10-2022 14:56:12.149 INFO  o.s.d.r.c.RepositoryConfigurationDelegate.multipleStoresDetected - Multiple Spring Data modules found, entering strict repository configuration mode!
20-10-2022 14:56:12.149 INFO  o.s.d.r.c.RepositoryConfigurationDelegate.registerRepositoriesIn - Bootstrapping Spring Data Elasticsearch repositories in DEFAULT mode.
20-10-2022 14:56:12.155 INFO  o.s.d.r.c.RepositoryConfigurationDelegate.registerRepositoriesIn - Finished Spring Data repository scanning in 5 ms. Found 1 Elasticsearch repository interfaces.
20-10-2022 14:56:12.572 INFO  o.s.d.r.c.RepositoryConfigurationDelegate.multipleStoresDetected - Multiple Spring Data modules found, entering strict repository configuration mode!
20-10-2022 14:56:12.574 INFO  o.s.d.r.c.RepositoryConfigurationDelegate.registerRepositoriesIn - Bootstrapping Spring Data Reactive Elasticsearch repositories in DEFAULT mode.
20-10-2022 14:56:12.598 INFO  o.s.d.r.c.RepositoryConfigurationDelegate.registerRepositoriesIn - Finished Spring Data repository scanning in 24 ms. Found 0 Reactive Elasticsearch repository interfaces.
20-10-2022 14:56:12.624 INFO  o.s.d.r.c.RepositoryConfigurationDelegate.multipleStoresDetected - Multiple Spring Data modules found, entering strict repository configuration mode!
20-10-2022 14:56:12.626 INFO  o.s.d.r.c.RepositoryConfigurationDelegate.registerRepositoriesIn - Bootstrapping Spring Data Redis repositories in DEFAULT mode.
20-10-2022 14:56:12.642 INFO  o.s.d.r.c.RepositoryConfigurationExtensionSupport.isStrictRepositoryCandidate - Spring Data Redis - Could not safely identify store assignment for repository candidate interface com.elcom.elastic.repository.BookEsRepository. If you want this repository to be a Redis repository, consider annotating your entities with one of these annotations: org.springframework.data.redis.core.RedisHash (preferred), or consider extending one of the following types with your repository: org.springframework.data.keyvalue.repository.KeyValueRepository.
20-10-2022 14:56:12.647 INFO  o.s.d.r.c.RepositoryConfigurationDelegate.registerRepositoriesIn - Finished Spring Data repository scanning in 8 ms. Found 0 Redis repository interfaces.
20-10-2022 14:56:13.207 INFO  o.s.c.s.PostProcessorRegistrationDelegate$BeanPostProcessorChecker.postProcessAfterInitialization - Bean 'memcachedConfig' of type [com.elcom.backend.cache.MemcachedConfig$$EnhancerBySpringCGLIB$$2104ec89] is not eligible for getting processed by all BeanPostProcessors (for example: not eligible for auto-proxying)
20-10-2022 14:56:13.987 INFO  o.s.b.w.e.tomcat.TomcatWebServer.initialize - Tomcat initialized with port(s): 8080 (http)
20-10-2022 14:56:14.003 INFO  o.a.coyote.http11.Http11NioProtocol.log - Initializing ProtocolHandler ["http-nio-8080"]
20-10-2022 14:56:14.004 INFO  o.a.catalina.core.StandardService.log - Starting service [Tomcat]
20-10-2022 14:56:14.004 INFO  o.a.catalina.core.StandardEngine.log - Starting Servlet engine: [Apache Tomcat/9.0.55]
20-10-2022 14:56:14.282 INFO  o.a.c.c.C.[Tomcat].[localhost].[/].log - Initializing Spring embedded WebApplicationContext
20-10-2022 14:56:14.282 INFO  o.s.b.w.s.c.ServletWebServerApplicationContext.prepareWebApplicationContext - Root WebApplicationContext: initialization completed in 3467 ms
20-10-2022 14:56:15.206 INFO  o.h.jpa.internal.util.LogHelper.logPersistenceUnitInformation - HHH000204: Processing PersistenceUnitInfo [name: default]
20-10-2022 14:56:15.301 INFO  org.hibernate.Version.logVersion - HHH000412: Hibernate ORM core version 5.6.1.Final
20-10-2022 14:56:15.574 INFO  o.h.annotations.common.Version.<clinit> - HCANN000001: Hibernate Commons Annotations {5.1.2.Final}
20-10-2022 14:56:16.130 INFO  org.hibernate.dialect.Dialect.<init> - HHH000400: Using dialect: org.hibernate.dialect.MySQLDialect
20-10-2022 14:56:16.981 INFO  o.h.e.t.j.p.i.JtaPlatformInitiator.initiateService - HHH000490: Using JtaPlatform implementation: [org.hibernate.engine.transaction.jta.platform.internal.NoJtaPlatform]
20-10-2022 14:56:16.992 INFO  o.s.o.j.LocalContainerEntityManagerFactoryBean.buildNativeEntityManagerFactory - Initialized JPA EntityManagerFactory for persistence unit 'default'
20-10-2022 14:56:17.063 INFO  o.h.jpa.internal.util.LogHelper.logPersistenceUnitInformation - HHH000204: Processing PersistenceUnitInfo [name: default]
20-10-2022 14:56:17.378 INFO  org.hibernate.dialect.Dialect.<init> - HHH000400: Using dialect: org.hibernate.dialect.MySQLDialect
20-10-2022 14:56:17.441 INFO  o.h.e.t.j.p.i.JtaPlatformInitiator.initiateService - HHH000490: Using JtaPlatform implementation: [org.hibernate.engine.transaction.jta.platform.internal.NoJtaPlatform]
20-10-2022 14:56:17.442 INFO  o.s.o.j.LocalContainerEntityManagerFactoryBean.buildNativeEntityManagerFactory - Initialized JPA EntityManagerFactory for persistence unit 'default'
20-10-2022 14:56:19.940 INFO  o.s.s.web.DefaultSecurityFilterChain.<init> - Will secure any request with [org.springframework.security.web.context.request.async.WebAsyncManagerIntegrationFilter@d012e18, org.springframework.security.web.context.SecurityContextPersistenceFilter@498d7c57, org.springframework.security.web.header.HeaderWriterFilter@4a57ad67, org.springframework.web.filter.CorsFilter@7b13ae73, org.springframework.security.web.authentication.logout.LogoutFilter@62857555, com.elcom.backend.auth.jwt.JwtAuthenticationFilter@77b01226, org.springframework.security.web.savedrequest.RequestCacheAwareFilter@66b9f727, org.springframework.security.web.servletapi.SecurityContextHolderAwareRequestFilter@117e9a56, org.springframework.security.web.authentication.AnonymousAuthenticationFilter@2dbfb843, org.springframework.security.web.session.SessionManagementFilter@1dfd39fe, org.springframework.security.web.access.ExceptionTranslationFilter@3020f22, org.springframework.security.web.access.intercept.FilterSecurityInterceptor@36c763cd]
20-10-2022 14:56:20.853 INFO  org.quartz.impl.StdSchedulerFactory.instantiate - Using default implementation for ThreadExecutor
20-10-2022 14:56:20.878 INFO  o.quartz.core.SchedulerSignalerImpl.<init> - Initialized Scheduler Signaller of type: class org.quartz.core.SchedulerSignalerImpl
20-10-2022 14:56:20.878 INFO  org.quartz.core.QuartzScheduler.<init> - Quartz Scheduler v.2.3.2 created.
20-10-2022 14:56:20.880 INFO  org.quartz.simpl.RAMJobStore.initialize - RAMJobStore initialized.
20-10-2022 14:56:20.881 INFO  org.quartz.core.QuartzScheduler.initialize - Scheduler meta-data: Quartz Scheduler (v2.3.2) 'quartzScheduler' with instanceId 'NON_CLUSTERED'
  Scheduler class: 'org.quartz.core.QuartzScheduler' - running locally.
  NOT STARTED.
  Currently in standby mode.
  Number of jobs executed: 0
  Using thread pool 'org.quartz.simpl.SimpleThreadPool' - with 10 threads.
  Using job-store 'org.quartz.simpl.RAMJobStore' - which does not support persistence. and is not clustered.

20-10-2022 14:56:20.881 INFO  org.quartz.impl.StdSchedulerFactory.instantiate - Quartz scheduler 'quartzScheduler' initialized from an externally provided properties instance.
20-10-2022 14:56:20.881 INFO  org.quartz.impl.StdSchedulerFactory.instantiate - Quartz scheduler version: 2.3.2
20-10-2022 14:56:20.882 INFO  org.quartz.core.QuartzScheduler.setJobFactory - JobFactory set to: org.springframework.scheduling.quartz.SpringBeanJobFactory@f64f47a
20-10-2022 14:56:21.030 INFO  o.a.coyote.http11.Http11NioProtocol.log - Starting ProtocolHandler ["http-nio-8080"]
20-10-2022 14:56:21.048 INFO  o.s.b.w.e.tomcat.TomcatWebServer.start - Tomcat started on port(s): 8080 (http) with context path ''
20-10-2022 14:56:21.050 INFO  o.s.a.r.c.CachingConnectionFactory.connectAddresses - Attempting to connect to: [127.0.0.1:5672]
20-10-2022 14:56:21.198 INFO  o.s.a.r.c.CachingConnectionFactory.createBareConnection - Created new connection: rabbitConnectionFactory#5fc3dfc1:0/SimpleConnection@18ee9a8f [delegate=amqp://elcom@127.0.0.1:5672/, localPort= 55708]
20-10-2022 14:56:21.208 INFO  o.s.amqp.rabbit.core.RabbitAdmin.initialize - Auto-declaring a non-durable, auto-delete, or exclusive Queue (spring.gen-8dlC-H6HQIKjCXDepjFlLg) durable:false, auto-delete:true, exclusive:true. It will be redeclared if the broker stops and is restarted while the connection factory is alive, but all messages will be lost.
20-10-2022 14:56:21.209 INFO  o.s.amqp.rabbit.core.RabbitAdmin.initialize - Auto-declaring a non-durable, auto-delete, or exclusive Queue (spring.gen-_svMK_NbQ8ydECZYbWapKg) durable:false, auto-delete:true, exclusive:true. It will be redeclared if the broker stops and is restarted while the connection factory is alive, but all messages will be lost.
20-10-2022 14:56:21.209 INFO  o.s.amqp.rabbit.core.RabbitAdmin.initialize - Auto-declaring a non-durable, auto-delete, or exclusive Queue (spring.gen-huIEQ_qyQVi7vclgj3-NzA) durable:false, auto-delete:true, exclusive:true. It will be redeclared if the broker stops and is restarted while the connection factory is alive, but all messages will be lost.
20-10-2022 14:56:21.209 INFO  o.s.amqp.rabbit.core.RabbitAdmin.initialize - Auto-declaring a non-durable, auto-delete, or exclusive Queue (spring.gen-XtZoNfH8QVC3Ym7YJGxBCA) durable:false, auto-delete:true, exclusive:true. It will be redeclared if the broker stops and is restarted while the connection factory is alive, but all messages will be lost.
20-10-2022 14:56:21.539 INFO  o.s.s.quartz.SchedulerFactoryBean.startScheduler - Starting Quartz Scheduler now
20-10-2022 14:56:21.540 INFO  org.quartz.core.QuartzScheduler.start - Scheduler quartzScheduler_$_NON_CLUSTERED started.
20-10-2022 14:56:21.553 INFO  com.elcom.backend.ServiceApplication.logStarted - Started ServiceApplication in 11.875 seconds (JVM running for 12.827)
20-10-2022 14:57:20.306 INFO  o.s.a.r.l.SimpleMessageListenerContainer.doShutdown - Waiting for workers to finish.
20-10-2022 14:57:20.782 INFO  o.s.a.r.l.SimpleMessageListenerContainer.doShutdown - Successfully waited for workers to finish.
20-10-2022 14:57:20.787 INFO  o.s.a.r.l.SimpleMessageListenerContainer.doShutdown - Waiting for workers to finish.
20-10-2022 14:57:20.810 INFO  o.s.a.r.l.SimpleMessageListenerContainer.doShutdown - Successfully waited for workers to finish.
20-10-2022 14:57:20.814 INFO  o.s.a.r.l.SimpleMessageListenerContainer.doShutdown - Waiting for workers to finish.
20-10-2022 14:57:20.967 INFO  o.s.a.r.l.SimpleMessageListenerContainer.doShutdown - Successfully waited for workers to finish.
20-10-2022 14:57:20.971 INFO  o.s.a.r.l.SimpleMessageListenerContainer.doShutdown - Waiting for workers to finish.
20-10-2022 14:57:21.014 INFO  o.s.a.r.l.SimpleMessageListenerContainer.doShutdown - Successfully waited for workers to finish.
20-10-2022 14:57:21.016 INFO  o.s.a.r.l.SimpleMessageListenerContainer.doShutdown - Waiting for workers to finish.
20-10-2022 14:57:21.982 INFO  o.s.a.r.l.SimpleMessageListenerContainer.doShutdown - Successfully waited for workers to finish.
20-10-2022 14:57:21.983 INFO  o.s.a.r.l.SimpleMessageListenerContainer.doShutdown - Waiting for workers to finish.
20-10-2022 14:57:22.992 INFO  o.s.a.r.l.SimpleMessageListenerContainer.doShutdown - Successfully waited for workers to finish.
20-10-2022 14:57:22.994 INFO  o.s.a.r.l.SimpleMessageListenerContainer.doShutdown - Waiting for workers to finish.
20-10-2022 14:57:24.005 INFO  o.s.a.r.l.SimpleMessageListenerContainer.doShutdown - Successfully waited for workers to finish.
20-10-2022 14:57:24.006 INFO  o.s.a.r.l.SimpleMessageListenerContainer.doShutdown - Waiting for workers to finish.
20-10-2022 14:57:25.005 INFO  o.s.a.r.l.SimpleMessageListenerContainer.doShutdown - Successfully waited for workers to finish.
20-10-2022 14:57:25.006 INFO  o.s.a.r.l.SimpleMessageListenerContainer.doShutdown - Waiting for workers to finish.
20-10-2022 14:57:26.019 INFO  o.s.a.r.l.SimpleMessageListenerContainer.doShutdown - Successfully waited for workers to finish.
20-10-2022 14:57:26.019 INFO  org.quartz.core.QuartzScheduler.standby - Scheduler quartzScheduler_$_NON_CLUSTERED paused.
20-10-2022 14:57:26.203 INFO  o.s.s.quartz.SchedulerFactoryBean.destroy - Shutting down Quartz Scheduler
20-10-2022 14:57:26.203 INFO  org.quartz.core.QuartzScheduler.shutdown - Scheduler quartzScheduler_$_NON_CLUSTERED shutting down.
20-10-2022 14:57:26.203 INFO  org.quartz.core.QuartzScheduler.standby - Scheduler quartzScheduler_$_NON_CLUSTERED paused.
20-10-2022 14:57:26.204 INFO  org.quartz.core.QuartzScheduler.shutdown - Scheduler quartzScheduler_$_NON_CLUSTERED shutdown complete.
20-10-2022 14:57:26.226 INFO  o.s.o.j.LocalContainerEntityManagerFactoryBean.destroy - Closing JPA EntityManagerFactory for persistence unit 'default'
20-10-2022 14:57:26.227 INFO  o.s.o.j.LocalContainerEntityManagerFactoryBean.destroy - Closing JPA EntityManagerFactory for persistence unit 'default'
